{"/home/jesser/PFE/Booking System/backend/src/app.module.ts": {"path":"/home/jesser/PFE/Booking System/backend/src/app.module.ts","statementMap":{"0":{"start":{"line":1,"column":0},"end":{"line":1,"column":40}},"1":{"start":{"line":3,"column":0},"end":{"line":3,"column":46}},"2":{"start":{"line":4,"column":0},"end":{"line":4,"column":63}},"3":{"start":{"line":5,"column":0},"end":{"line":5,"column":78}},"4":{"start":{"line":6,"column":0},"end":{"line":6,"column":67}},"5":{"start":{"line":7,"column":0},"end":{"line":7,"column":61}},"6":{"start":{"line":8,"column":0},"end":{"line":8,"column":57}},"7":{"start":{"line":23,"column":7},"end":{"line":23,"column":null}},"8":{"start":{"line":23,"column":13},"end":{"line":23,"column":22}},"9":{"start":{"line":23,"column":13},"end":{"line":23,"column":null}}},"fnMap":{},"branchMap":{},"s":{"0":0,"1":0,"2":0,"3":0,"4":0,"5":0,"6":0,"7":0,"8":0,"9":0},"f":{},"b":{}}
,"/home/jesser/PFE/Booking System/backend/src/app.service.ts": {"path":"/home/jesser/PFE/Booking System/backend/src/app.service.ts","statementMap":{"0":{"start":{"line":1,"column":0},"end":{"line":1,"column":44}},"1":{"start":{"line":4,"column":7},"end":{"line":8,"column":null}},"2":{"start":{"line":6,"column":4},"end":{"line":6,"column":26}},"3":{"start":{"line":4,"column":13},"end":{"line":4,"column":23}},"4":{"start":{"line":4,"column":13},"end":{"line":8,"column":null}}},"fnMap":{"0":{"name":"(anonymous_1)","decl":{"start":{"line":5,"column":2},"end":{"line":5,"column":10}},"loc":{"start":{"line":5,"column":10},"end":{"line":7,"column":3}}}},"branchMap":{},"s":{"0":0,"1":0,"2":0,"3":0,"4":0},"f":{"0":0},"b":{}}
,"/home/jesser/PFE/Booking System/backend/src/main.ts": {"path":"/home/jesser/PFE/Booking System/backend/src/main.ts","statementMap":{"0":{"start":{"line":1,"column":0},"end":{"line":1,"column":43}},"1":{"start":{"line":2,"column":0},"end":{"line":2,"column":41}},"2":{"start":{"line":3,"column":0},"end":{"line":3,"column":48}},"3":{"start":{"line":6,"column":14},"end":{"line":6,"column":49}},"4":{"start":{"line":7,"column":2},"end":{"line":7,"column":43}},"5":{"start":{"line":9,"column":2},"end":{"line":12,"column":5}},"6":{"start":{"line":13,"column":2},"end":{"line":13,"column":45}},"7":{"start":{"line":15,"column":0},"end":{"line":15,"column":12}}},"fnMap":{"0":{"name":"bootstrap","decl":{"start":{"line":5,"column":15},"end":{"line":5,"column":24}},"loc":{"start":{"line":5,"column":24},"end":{"line":14,"column":1}}}},"branchMap":{"0":{"loc":{"start":{"line":13,"column":19},"end":{"line":13,"column":43}},"type":"binary-expr","locations":[{"start":{"line":13,"column":19},"end":{"line":13,"column":35}},{"start":{"line":13,"column":39},"end":{"line":13,"column":43}}]}},"s":{"0":0,"1":0,"2":0,"3":0,"4":0,"5":0,"6":0,"7":0},"f":{"0":0},"b":{"0":[0,0]}}
,"/home/jesser/PFE/Booking System/backend/src/application/dto/create-appointment.dto.ts": {"path":"/home/jesser/PFE/Booking System/backend/src/application/dto/create-appointment.dto.ts","statementMap":{"0":{"start":{"line":1,"column":0},"end":{"line":1,"column":43}},"1":{"start":{"line":3,"column":0},"end":{"line":3,"column":13}},"2":{"start":{"line":5,"column":2},"end":{"line":5,"column":null}},"3":{"start":{"line":8,"column":2},"end":{"line":8,"column":null}}},"fnMap":{},"branchMap":{},"s":{"0":0,"1":0,"2":0,"3":0},"f":{},"b":{}}
,"/home/jesser/PFE/Booking System/backend/src/application/dto/create-client.dto.ts": {"path":"/home/jesser/PFE/Booking System/backend/src/application/dto/create-client.dto.ts","statementMap":{"0":{"start":{"line":1,"column":0},"end":{"line":1,"column":64}},"1":{"start":{"line":3,"column":0},"end":{"line":3,"column":13}},"2":{"start":{"line":5,"column":2},"end":{"line":5,"column":null}},"3":{"start":{"line":8,"column":2},"end":{"line":8,"column":null}},"4":{"start":{"line":12,"column":2},"end":{"line":12,"column":null}},"5":{"start":{"line":16,"column":2},"end":{"line":16,"column":null}}},"fnMap":{},"branchMap":{},"s":{"0":0,"1":0,"2":0,"3":0,"4":0,"5":0},"f":{},"b":{}}
,"/home/jesser/PFE/Booking System/backend/src/application/dto/create-provider.dto.ts": {"path":"/home/jesser/PFE/Booking System/backend/src/application/dto/create-provider.dto.ts","statementMap":{"0":{"start":{"line":1,"column":0},"end":{"line":1,"column":85}},"1":{"start":{"line":3,"column":0},"end":{"line":3,"column":13}},"2":{"start":{"line":6,"column":2},"end":{"line":6,"column":null}},"3":{"start":{"line":10,"column":2},"end":{"line":10,"column":null}},"4":{"start":{"line":15,"column":2},"end":{"line":15,"column":null}}},"fnMap":{},"branchMap":{},"s":{"0":0,"1":0,"2":0,"3":0,"4":0},"f":{},"b":{}}
,"/home/jesser/PFE/Booking System/backend/src/application/dto/create-slot.dto.ts": {"path":"/home/jesser/PFE/Booking System/backend/src/application/dto/create-slot.dto.ts","statementMap":{"0":{"start":{"line":1,"column":0},"end":{"line":1,"column":65}},"1":{"start":{"line":3,"column":0},"end":{"line":3,"column":13}},"2":{"start":{"line":5,"column":2},"end":{"line":5,"column":null}},"3":{"start":{"line":8,"column":2},"end":{"line":8,"column":null}},"4":{"start":{"line":11,"column":2},"end":{"line":11,"column":null}},"5":{"start":{"line":14,"column":2},"end":{"line":14,"column":null}}},"fnMap":{},"branchMap":{},"s":{"0":0,"1":0,"2":0,"3":0,"4":0,"5":0},"f":{},"b":{}}
,"/home/jesser/PFE/Booking System/backend/src/application/dto/create-user.dto.ts": {"path":"/home/jesser/PFE/Booking System/backend/src/application/dto/create-user.dto.ts","statementMap":{"0":{"start":{"line":1,"column":0},"end":{"line":1,"column":72}},"1":{"start":{"line":2,"column":0},"end":{"line":2,"column":61}},"2":{"start":{"line":4,"column":0},"end":{"line":4,"column":13}},"3":{"start":{"line":6,"column":2},"end":{"line":6,"column":null}},"4":{"start":{"line":9,"column":2},"end":{"line":9,"column":null}},"5":{"start":{"line":12,"column":2},"end":{"line":12,"column":null}},"6":{"start":{"line":16,"column":2},"end":{"line":16,"column":null}}},"fnMap":{},"branchMap":{"0":{"loc":{"start":{"line":12,"column":8},"end":{"line":12,"column":17}},"type":"cond-expr","locations":[{"start":{"line":12,"column":16},"end":{"line":12,"column":17}},{"start":{"line":12,"column":16},"end":{"line":12,"column":17}}]},"1":{"loc":{"start":{"line":12,"column":8},"end":{"line":12,"column":16}},"type":"binary-expr","locations":[{"start":{"line":12,"column":8},"end":{"line":12,"column":17}},{"start":{"line":12,"column":8},"end":{"line":12,"column":16}}]}},"s":{"0":0,"1":0,"2":0,"3":0,"4":0,"5":0,"6":0},"f":{},"b":{"0":[0,0],"1":[0,0]}}
,"/home/jesser/PFE/Booking System/backend/src/application/dto/reschedule-appointment.dto.ts": {"path":"/home/jesser/PFE/Booking System/backend/src/application/dto/reschedule-appointment.dto.ts","statementMap":{"0":{"start":{"line":1,"column":0},"end":{"line":1,"column":43}},"1":{"start":{"line":3,"column":0},"end":{"line":3,"column":13}},"2":{"start":{"line":5,"column":2},"end":{"line":5,"column":null}},"3":{"start":{"line":8,"column":2},"end":{"line":8,"column":null}}},"fnMap":{},"branchMap":{},"s":{"0":0,"1":0,"2":0,"3":0},"f":{},"b":{}}
,"/home/jesser/PFE/Booking System/backend/src/application/dto/update-client.dto.ts": {"path":"/home/jesser/PFE/Booking System/backend/src/application/dto/update-client.dto.ts","statementMap":{"0":{"start":{"line":1,"column":0},"end":{"line":1,"column":55}},"1":{"start":{"line":3,"column":0},"end":{"line":3,"column":13}},"2":{"start":{"line":6,"column":2},"end":{"line":6,"column":null}},"3":{"start":{"line":10,"column":2},"end":{"line":10,"column":null}},"4":{"start":{"line":14,"column":2},"end":{"line":14,"column":null}}},"fnMap":{},"branchMap":{},"s":{"0":0,"1":0,"2":0,"3":0,"4":0},"f":{},"b":{}}
,"/home/jesser/PFE/Booking System/backend/src/application/dto/update-provider.dto.ts": {"path":"/home/jesser/PFE/Booking System/backend/src/application/dto/update-provider.dto.ts","statementMap":{"0":{"start":{"line":1,"column":0},"end":{"line":1,"column":64}},"1":{"start":{"line":3,"column":0},"end":{"line":3,"column":13}},"2":{"start":{"line":6,"column":2},"end":{"line":6,"column":null}},"3":{"start":{"line":11,"column":2},"end":{"line":11,"column":null}}},"fnMap":{},"branchMap":{},"s":{"0":0,"1":0,"2":0,"3":0},"f":{},"b":{}}
,"/home/jesser/PFE/Booking System/backend/src/application/dto/update-slot.dto.ts": {"path":"/home/jesser/PFE/Booking System/backend/src/application/dto/update-slot.dto.ts","statementMap":{"0":{"start":{"line":1,"column":0},"end":{"line":1,"column":13}}},"fnMap":{},"branchMap":{},"s":{"0":0},"f":{},"b":{}}
,"/home/jesser/PFE/Booking System/backend/src/application/dto/update-user.dto.ts": {"path":"/home/jesser/PFE/Booking System/backend/src/application/dto/update-user.dto.ts","statementMap":{"0":{"start":{"line":1,"column":0},"end":{"line":1,"column":72}},"1":{"start":{"line":2,"column":0},"end":{"line":2,"column":61}},"2":{"start":{"line":4,"column":0},"end":{"line":4,"column":13}},"3":{"start":{"line":7,"column":2},"end":{"line":7,"column":null}},"4":{"start":{"line":11,"column":2},"end":{"line":11,"column":null}},"5":{"start":{"line":15,"column":2},"end":{"line":15,"column":null}},"6":{"start":{"line":19,"column":2},"end":{"line":19,"column":null}}},"fnMap":{},"branchMap":{"0":{"loc":{"start":{"line":15,"column":9},"end":{"line":15,"column":18}},"type":"cond-expr","locations":[{"start":{"line":15,"column":17},"end":{"line":15,"column":18}},{"start":{"line":15,"column":17},"end":{"line":15,"column":18}}]},"1":{"loc":{"start":{"line":15,"column":9},"end":{"line":15,"column":17}},"type":"binary-expr","locations":[{"start":{"line":15,"column":9},"end":{"line":15,"column":18}},{"start":{"line":15,"column":9},"end":{"line":15,"column":17}}]}},"s":{"0":0,"1":0,"2":0,"3":0,"4":0,"5":0,"6":0},"f":{},"b":{"0":[0,0],"1":[0,0]}}
,"/home/jesser/PFE/Booking System/backend/src/application/uses-cases/appointments/cancel-appointment.use-case.ts": {"path":"/home/jesser/PFE/Booking System/backend/src/application/uses-cases/appointments/cancel-appointment.use-case.ts","statementMap":{"0":{"start":{"line":1,"column":0},"end":{"line":1,"column":94}},"1":{"start":{"line":3,"column":0},"end":{"line":3,"column":93}},"2":{"start":{"line":5,"column":0},"end":{"line":5,"column":79}},"3":{"start":{"line":8,"column":7},"end":{"line":35,"column":null}},"4":{"start":{"line":10,"column":44},"end":{"line":10,"column":89}},"5":{"start":{"line":11,"column":37},"end":{"line":11,"column":68}},"6":{"start":{"line":15,"column":24},"end":{"line":15,"column":80}},"7":{"start":{"line":17,"column":4},"end":{"line":19,"column":5}},"8":{"start":{"line":18,"column":6},"end":{"line":18,"column":59}},"9":{"start":{"line":21,"column":4},"end":{"line":23,"column":5}},"10":{"start":{"line":22,"column":6},"end":{"line":22,"column":81}},"11":{"start":{"line":25,"column":4},"end":{"line":25,"column":25}},"12":{"start":{"line":26,"column":17},"end":{"line":26,"column":71}},"13":{"start":{"line":28,"column":4},"end":{"line":31,"column":5}},"14":{"start":{"line":29,"column":6},"end":{"line":29,"column":21}},"15":{"start":{"line":30,"column":6},"end":{"line":30,"column":45}},"16":{"start":{"line":33,"column":4},"end":{"line":33,"column":57}},"17":{"start":{"line":8,"column":13},"end":{"line":8,"column":37}},"18":{"start":{"line":8,"column":13},"end":{"line":35,"column":null}}},"fnMap":{"0":{"name":"(anonymous_4)","decl":{"start":{"line":9,"column":2},"end":{"line":9,"column":null}},"loc":{"start":{"line":11,"column":68},"end":{"line":12,"column":6}}},"1":{"name":"(anonymous_5)","decl":{"start":{"line":14,"column":2},"end":{"line":14,"column":7}},"loc":{"start":{"line":14,"column":55},"end":{"line":34,"column":3}}}},"branchMap":{"0":{"loc":{"start":{"line":17,"column":4},"end":{"line":19,"column":5}},"type":"if","locations":[{"start":{"line":17,"column":4},"end":{"line":19,"column":5}},{"start":{},"end":{}}]},"1":{"loc":{"start":{"line":21,"column":4},"end":{"line":23,"column":5}},"type":"if","locations":[{"start":{"line":21,"column":4},"end":{"line":23,"column":5}},{"start":{},"end":{}}]},"2":{"loc":{"start":{"line":28,"column":4},"end":{"line":31,"column":5}},"type":"if","locations":[{"start":{"line":28,"column":4},"end":{"line":31,"column":5}},{"start":{},"end":{}}]}},"s":{"0":1,"1":1,"2":1,"3":1,"4":17,"5":17,"6":20,"7":19,"8":3,"9":16,"10":3,"11":13,"12":12,"13":12,"14":11,"15":10,"16":10,"17":1,"18":1},"f":{"0":17,"1":20},"b":{"0":[3,16],"1":[3,13],"2":[11,1]}}
,"/home/jesser/PFE/Booking System/backend/src/application/uses-cases/appointments/create-appointment.use-case.ts": {"path":"/home/jesser/PFE/Booking System/backend/src/application/uses-cases/appointments/create-appointment.use-case.ts","statementMap":{"0":{"start":{"line":1,"column":0},"end":{"line":1,"column":92}},"1":{"start":{"line":2,"column":0},"end":{"line":2,"column":74}},"2":{"start":{"line":4,"column":0},"end":{"line":4,"column":93}},"3":{"start":{"line":6,"column":0},"end":{"line":6,"column":79}},"4":{"start":{"line":8,"column":0},"end":{"line":8,"column":34}},"5":{"start":{"line":13,"column":7},"end":{"line":38,"column":null}},"6":{"start":{"line":15,"column":44},"end":{"line":15,"column":89}},"7":{"start":{"line":16,"column":37},"end":{"line":16,"column":68}},"8":{"start":{"line":20,"column":17},"end":{"line":20,"column":65}},"9":{"start":{"line":22,"column":4},"end":{"line":24,"column":5}},"10":{"start":{"line":23,"column":6},"end":{"line":23,"column":52}},"11":{"start":{"line":26,"column":4},"end":{"line":28,"column":5}},"12":{"start":{"line":27,"column":6},"end":{"line":27,"column":61}},"13":{"start":{"line":30,"column":24},"end":{"line":30,"column":77}},"14":{"start":{"line":31,"column":4},"end":{"line":31,"column":16}},"15":{"start":{"line":33,"column":4},"end":{"line":33,"column":57}},"16":{"start":{"line":34,"column":4},"end":{"line":34,"column":43}},"17":{"start":{"line":36,"column":4},"end":{"line":36,"column":23}},"18":{"start":{"line":13,"column":13},"end":{"line":13,"column":37}},"19":{"start":{"line":13,"column":13},"end":{"line":38,"column":null}}},"fnMap":{"0":{"name":"(anonymous_4)","decl":{"start":{"line":14,"column":2},"end":{"line":14,"column":null}},"loc":{"start":{"line":16,"column":68},"end":{"line":17,"column":6}}},"1":{"name":"(anonymous_5)","decl":{"start":{"line":19,"column":2},"end":{"line":19,"column":7}},"loc":{"start":{"line":19,"column":43},"end":{"line":37,"column":3}}}},"branchMap":{"0":{"loc":{"start":{"line":22,"column":4},"end":{"line":24,"column":5}},"type":"if","locations":[{"start":{"line":22,"column":4},"end":{"line":24,"column":5}},{"start":{},"end":{}}]},"1":{"loc":{"start":{"line":26,"column":4},"end":{"line":28,"column":5}},"type":"if","locations":[{"start":{"line":26,"column":4},"end":{"line":28,"column":5}},{"start":{},"end":{}}]}},"s":{"0":1,"1":1,"2":1,"3":1,"4":1,"5":1,"6":16,"7":16,"8":20,"9":19,"10":2,"11":17,"12":3,"13":14,"14":14,"15":14,"16":13,"17":12,"18":1,"19":1},"f":{"0":16,"1":20},"b":{"0":[2,17],"1":[3,14]}}
,"/home/jesser/PFE/Booking System/backend/src/application/uses-cases/appointments/list-appointments.use-case.ts": {"path":"/home/jesser/PFE/Booking System/backend/src/application/uses-cases/appointments/list-appointments.use-case.ts","statementMap":{"0":{"start":{"line":1,"column":0},"end":{"line":1,"column":71}},"1":{"start":{"line":4,"column":0},"end":{"line":4,"column":93}},"2":{"start":{"line":6,"column":0},"end":{"line":6,"column":79}},"3":{"start":{"line":11,"column":7},"end":{"line":44,"column":null}},"4":{"start":{"line":13,"column":44},"end":{"line":13,"column":89}},"5":{"start":{"line":14,"column":37},"end":{"line":14,"column":68}},"6":{"start":{"line":18,"column":25},"end":{"line":18,"column":66}},"7":{"start":{"line":19,"column":4},"end":{"line":19,"column":24}},"8":{"start":{"line":23,"column":24},"end":{"line":23,"column":69}},"9":{"start":{"line":24,"column":4},"end":{"line":26,"column":5}},"10":{"start":{"line":25,"column":6},"end":{"line":25,"column":59}},"11":{"start":{"line":27,"column":4},"end":{"line":27,"column":23}},"12":{"start":{"line":31,"column":25},"end":{"line":31,"column":82}},"13":{"start":{"line":32,"column":4},"end":{"line":32,"column":24}},"14":{"start":{"line":36,"column":25},"end":{"line":36,"column":86}},"15":{"start":{"line":37,"column":4},"end":{"line":37,"column":24}},"16":{"start":{"line":41,"column":25},"end":{"line":41,"column":93}},"17":{"start":{"line":42,"column":4},"end":{"line":42,"column":24}},"18":{"start":{"line":11,"column":13},"end":{"line":11,"column":36}},"19":{"start":{"line":11,"column":13},"end":{"line":44,"column":null}}},"fnMap":{"0":{"name":"(anonymous_4)","decl":{"start":{"line":12,"column":2},"end":{"line":12,"column":null}},"loc":{"start":{"line":14,"column":68},"end":{"line":15,"column":6}}},"1":{"name":"(anonymous_5)","decl":{"start":{"line":17,"column":2},"end":{"line":17,"column":7}},"loc":{"start":{"line":17,"column":15},"end":{"line":20,"column":3}}},"2":{"name":"(anonymous_6)","decl":{"start":{"line":22,"column":2},"end":{"line":22,"column":7}},"loc":{"start":{"line":22,"column":30},"end":{"line":28,"column":3}}},"3":{"name":"(anonymous_7)","decl":{"start":{"line":30,"column":2},"end":{"line":30,"column":7}},"loc":{"start":{"line":30,"column":42},"end":{"line":33,"column":3}}},"4":{"name":"(anonymous_8)","decl":{"start":{"line":35,"column":2},"end":{"line":35,"column":7}},"loc":{"start":{"line":35,"column":46},"end":{"line":38,"column":3}}},"5":{"name":"(anonymous_9)","decl":{"start":{"line":40,"column":2},"end":{"line":40,"column":7}},"loc":{"start":{"line":40,"column":57},"end":{"line":43,"column":3}}}},"branchMap":{"0":{"loc":{"start":{"line":24,"column":4},"end":{"line":26,"column":5}},"type":"if","locations":[{"start":{"line":24,"column":4},"end":{"line":26,"column":5}},{"start":{},"end":{}}]}},"s":{"0":1,"1":1,"2":1,"3":1,"4":26,"5":26,"6":7,"7":6,"8":5,"9":4,"10":2,"11":2,"12":5,"13":4,"14":5,"15":4,"16":5,"17":4,"18":1,"19":1},"f":{"0":26,"1":7,"2":5,"3":5,"4":5,"5":5},"b":{"0":[2,2]}}
,"/home/jesser/PFE/Booking System/backend/src/application/uses-cases/clients/create-client.use-case.ts": {"path":"/home/jesser/PFE/Booking System/backend/src/application/uses-cases/clients/create-client.use-case.ts","statementMap":{"0":{"start":{"line":1,"column":0},"end":{"line":1,"column":71}},"1":{"start":{"line":2,"column":0},"end":{"line":2,"column":64}},"2":{"start":{"line":4,"column":0},"end":{"line":4,"column":83}},"3":{"start":{"line":6,"column":0},"end":{"line":6,"column":34}},"4":{"start":{"line":9,"column":7},"end":{"line":28,"column":null}},"5":{"start":{"line":10,"column":49},"end":{"line":10,"column":84}},"6":{"start":{"line":13,"column":27},"end":{"line":13,"column":78}},"7":{"start":{"line":14,"column":4},"end":{"line":16,"column":5}},"8":{"start":{"line":15,"column":6},"end":{"line":15,"column":75}},"9":{"start":{"line":18,"column":19},"end":{"line":23,"column":null}},"10":{"start":{"line":26,"column":4},"end":{"line":26,"column":54}},"11":{"start":{"line":9,"column":13},"end":{"line":9,"column":32}},"12":{"start":{"line":9,"column":13},"end":{"line":28,"column":null}}},"fnMap":{"0":{"name":"(anonymous_4)","decl":{"start":{"line":10,"column":2},"end":{"line":10,"column":15}},"loc":{"start":{"line":10,"column":84},"end":{"line":10,"column":88}}},"1":{"name":"(anonymous_5)","decl":{"start":{"line":12,"column":2},"end":{"line":12,"column":7}},"loc":{"start":{"line":12,"column":37},"end":{"line":27,"column":3}}}},"branchMap":{"0":{"loc":{"start":{"line":14,"column":4},"end":{"line":16,"column":5}},"type":"if","locations":[{"start":{"line":14,"column":4},"end":{"line":16,"column":5}},{"start":{},"end":{}}]}},"s":{"0":1,"1":1,"2":1,"3":1,"4":1,"5":16,"6":19,"7":18,"8":2,"9":16,"10":16,"11":1,"12":1},"f":{"0":16,"1":19},"b":{"0":[2,16]}}
,"/home/jesser/PFE/Booking System/backend/src/application/uses-cases/clients/get-clients.use-case.ts": {"path":"/home/jesser/PFE/Booking System/backend/src/application/uses-cases/clients/get-clients.use-case.ts","statementMap":{"0":{"start":{"line":1,"column":0},"end":{"line":1,"column":71}},"1":{"start":{"line":4,"column":0},"end":{"line":4,"column":83}},"2":{"start":{"line":7,"column":7},"end":{"line":39,"column":null}},"3":{"start":{"line":8,"column":49},"end":{"line":8,"column":84}},"4":{"start":{"line":11,"column":4},"end":{"line":11,"column":49}},"5":{"start":{"line":15,"column":19},"end":{"line":15,"column":59}},"6":{"start":{"line":16,"column":4},"end":{"line":18,"column":5}},"7":{"start":{"line":17,"column":6},"end":{"line":17,"column":54}},"8":{"start":{"line":19,"column":4},"end":{"line":19,"column":18}},"9":{"start":{"line":23,"column":4},"end":{"line":25,"column":5}},"10":{"start":{"line":24,"column":6},"end":{"line":24,"column":55}},"11":{"start":{"line":27,"column":19},"end":{"line":27,"column":65}},"12":{"start":{"line":28,"column":4},"end":{"line":30,"column":5}},"13":{"start":{"line":29,"column":6},"end":{"line":29,"column":54}},"14":{"start":{"line":31,"column":4},"end":{"line":31,"column":18}},"15":{"start":{"line":37,"column":4},"end":{"line":37,"column":14}},"16":{"start":{"line":7,"column":13},"end":{"line":7,"column":30}},"17":{"start":{"line":7,"column":13},"end":{"line":39,"column":null}}},"fnMap":{"0":{"name":"(anonymous_4)","decl":{"start":{"line":8,"column":2},"end":{"line":8,"column":15}},"loc":{"start":{"line":8,"column":84},"end":{"line":8,"column":88}}},"1":{"name":"(anonymous_5)","decl":{"start":{"line":10,"column":2},"end":{"line":10,"column":7}},"loc":{"start":{"line":10,"column":14},"end":{"line":12,"column":3}}},"2":{"name":"(anonymous_6)","decl":{"start":{"line":14,"column":2},"end":{"line":14,"column":7}},"loc":{"start":{"line":14,"column":26},"end":{"line":20,"column":3}}},"3":{"name":"(anonymous_7)","decl":{"start":{"line":22,"column":2},"end":{"line":22,"column":7}},"loc":{"start":{"line":22,"column":33},"end":{"line":32,"column":3}}},"4":{"name":"(anonymous_8)","decl":{"start":{"line":34,"column":2},"end":{"line":34,"column":7}},"loc":{"start":{"line":34,"column":46},"end":{"line":38,"column":3}}}},"branchMap":{"0":{"loc":{"start":{"line":16,"column":4},"end":{"line":18,"column":5}},"type":"if","locations":[{"start":{"line":16,"column":4},"end":{"line":18,"column":5}},{"start":{},"end":{}}]},"1":{"loc":{"start":{"line":23,"column":4},"end":{"line":25,"column":5}},"type":"if","locations":[{"start":{"line":23,"column":4},"end":{"line":25,"column":5}},{"start":{},"end":{}}]},"2":{"loc":{"start":{"line":28,"column":4},"end":{"line":30,"column":5}},"type":"if","locations":[{"start":{"line":28,"column":4},"end":{"line":30,"column":5}},{"start":{},"end":{}}]}},"s":{"0":1,"1":1,"2":1,"3":23,"4":8,"5":7,"6":6,"7":3,"8":3,"9":13,"10":4,"11":9,"12":8,"13":2,"14":6,"15":5,"16":1,"17":1},"f":{"0":23,"1":8,"2":7,"3":13,"4":5},"b":{"0":[3,3],"1":[4,9],"2":[2,6]}}
,"/home/jesser/PFE/Booking System/backend/src/application/uses-cases/clients/update-client.use-case.ts": {"path":"/home/jesser/PFE/Booking System/backend/src/application/uses-cases/clients/update-client.use-case.ts","statementMap":{"0":{"start":{"line":1,"column":0},"end":{"line":1,"column":71}},"1":{"start":{"line":4,"column":0},"end":{"line":4,"column":83}},"2":{"start":{"line":8,"column":7},"end":{"line":32,"column":null}},"3":{"start":{"line":9,"column":49},"end":{"line":9,"column":84}},"4":{"start":{"line":12,"column":19},"end":{"line":12,"column":59}},"5":{"start":{"line":13,"column":4},"end":{"line":15,"column":5}},"6":{"start":{"line":14,"column":6},"end":{"line":14,"column":54}},"7":{"start":{"line":17,"column":4},"end":{"line":17,"column":43}},"8":{"start":{"line":17,"column":19},"end":{"line":17,"column":43}},"9":{"start":{"line":18,"column":4},"end":{"line":18,"column":78}},"10":{"start":{"line":18,"column":40},"end":{"line":18,"column":78}},"11":{"start":{"line":19,"column":4},"end":{"line":19,"column":66}},"12":{"start":{"line":19,"column":36},"end":{"line":19,"column":66}},"13":{"start":{"line":20,"column":4},"end":{"line":20,"column":34}},"14":{"start":{"line":22,"column":4},"end":{"line":22,"column":54}},"15":{"start":{"line":26,"column":19},"end":{"line":26,"column":59}},"16":{"start":{"line":27,"column":4},"end":{"line":29,"column":5}},"17":{"start":{"line":28,"column":6},"end":{"line":28,"column":54}},"18":{"start":{"line":30,"column":4},"end":{"line":30,"column":43}},"19":{"start":{"line":8,"column":13},"end":{"line":8,"column":32}},"20":{"start":{"line":8,"column":13},"end":{"line":32,"column":null}}},"fnMap":{"0":{"name":"(anonymous_4)","decl":{"start":{"line":9,"column":2},"end":{"line":9,"column":15}},"loc":{"start":{"line":9,"column":84},"end":{"line":9,"column":88}}},"1":{"name":"(anonymous_5)","decl":{"start":{"line":11,"column":2},"end":{"line":11,"column":7}},"loc":{"start":{"line":11,"column":49},"end":{"line":23,"column":3}}},"2":{"name":"(anonymous_6)","decl":{"start":{"line":25,"column":2},"end":{"line":25,"column":7}},"loc":{"start":{"line":25,"column":25},"end":{"line":31,"column":3}}}},"branchMap":{"0":{"loc":{"start":{"line":13,"column":4},"end":{"line":15,"column":5}},"type":"if","locations":[{"start":{"line":13,"column":4},"end":{"line":15,"column":5}},{"start":{},"end":{}}]},"1":{"loc":{"start":{"line":17,"column":4},"end":{"line":17,"column":43}},"type":"if","locations":[{"start":{"line":17,"column":4},"end":{"line":17,"column":43}},{"start":{},"end":{}}]},"2":{"loc":{"start":{"line":18,"column":4},"end":{"line":18,"column":78}},"type":"if","locations":[{"start":{"line":18,"column":4},"end":{"line":18,"column":78}},{"start":{},"end":{}}]},"3":{"loc":{"start":{"line":19,"column":4},"end":{"line":19,"column":66}},"type":"if","locations":[{"start":{"line":19,"column":4},"end":{"line":19,"column":66}},{"start":{},"end":{}}]},"4":{"loc":{"start":{"line":27,"column":4},"end":{"line":29,"column":5}},"type":"if","locations":[{"start":{"line":27,"column":4},"end":{"line":29,"column":5}},{"start":{},"end":{}}]}},"s":{"0":0,"1":0,"2":0,"3":0,"4":0,"5":0,"6":0,"7":0,"8":0,"9":0,"10":0,"11":0,"12":0,"13":0,"14":0,"15":0,"16":0,"17":0,"18":0,"19":0,"20":0},"f":{"0":0,"1":0,"2":0},"b":{"0":[0,0],"1":[0,0],"2":[0,0],"3":[0,0],"4":[0,0]}}
,"/home/jesser/PFE/Booking System/backend/src/application/uses-cases/providers/create-provider.use-case.ts": {"path":"/home/jesser/PFE/Booking System/backend/src/application/uses-cases/providers/create-provider.use-case.ts","statementMap":{"0":{"start":{"line":1,"column":0},"end":{"line":1,"column":71}},"1":{"start":{"line":2,"column":0},"end":{"line":2,"column":68}},"2":{"start":{"line":4,"column":0},"end":{"line":4,"column":87}},"3":{"start":{"line":6,"column":0},"end":{"line":6,"column":34}},"4":{"start":{"line":9,"column":7},"end":{"line":27,"column":null}},"5":{"start":{"line":10,"column":51},"end":{"line":10,"column":90}},"6":{"start":{"line":13,"column":29},"end":{"line":13,"column":82}},"7":{"start":{"line":14,"column":4},"end":{"line":16,"column":5}},"8":{"start":{"line":15,"column":6},"end":{"line":15,"column":77}},"9":{"start":{"line":18,"column":21},"end":{"line":22,"column":null}},"10":{"start":{"line":25,"column":4},"end":{"line":25,"column":58}},"11":{"start":{"line":9,"column":13},"end":{"line":9,"column":34}},"12":{"start":{"line":9,"column":13},"end":{"line":27,"column":null}}},"fnMap":{"0":{"name":"(anonymous_4)","decl":{"start":{"line":10,"column":2},"end":{"line":10,"column":15}},"loc":{"start":{"line":10,"column":90},"end":{"line":10,"column":94}}},"1":{"name":"(anonymous_5)","decl":{"start":{"line":12,"column":2},"end":{"line":12,"column":7}},"loc":{"start":{"line":12,"column":39},"end":{"line":26,"column":3}}}},"branchMap":{"0":{"loc":{"start":{"line":14,"column":4},"end":{"line":16,"column":5}},"type":"if","locations":[{"start":{"line":14,"column":4},"end":{"line":16,"column":5}},{"start":{},"end":{}}]},"1":{"loc":{"start":{"line":22,"column":6},"end":{"line":22,"column":25}},"type":"binary-expr","locations":[{"start":{"line":22,"column":6},"end":{"line":22,"column":19}},{"start":{"line":22,"column":23},"end":{"line":22,"column":25}}]}},"s":{"0":1,"1":1,"2":1,"3":1,"4":1,"5":19,"6":22,"7":21,"8":2,"9":19,"10":19,"11":1,"12":1},"f":{"0":19,"1":22},"b":{"0":[2,19],"1":[19,5]}}
,"/home/jesser/PFE/Booking System/backend/src/application/uses-cases/providers/get-providers.use-case.ts": {"path":"/home/jesser/PFE/Booking System/backend/src/application/uses-cases/providers/get-providers.use-case.ts","statementMap":{"0":{"start":{"line":1,"column":0},"end":{"line":1,"column":71}},"1":{"start":{"line":4,"column":0},"end":{"line":4,"column":87}},"2":{"start":{"line":7,"column":7},"end":{"line":45,"column":null}},"3":{"start":{"line":8,"column":51},"end":{"line":8,"column":90}},"4":{"start":{"line":11,"column":4},"end":{"line":11,"column":51}},"5":{"start":{"line":15,"column":21},"end":{"line":15,"column":63}},"6":{"start":{"line":16,"column":4},"end":{"line":18,"column":5}},"7":{"start":{"line":17,"column":6},"end":{"line":17,"column":56}},"8":{"start":{"line":19,"column":4},"end":{"line":19,"column":20}},"9":{"start":{"line":23,"column":4},"end":{"line":23,"column":64}},"10":{"start":{"line":27,"column":21},"end":{"line":27,"column":69}},"11":{"start":{"line":28,"column":4},"end":{"line":30,"column":5}},"12":{"start":{"line":29,"column":6},"end":{"line":29,"column":56}},"13":{"start":{"line":31,"column":4},"end":{"line":31,"column":20}},"14":{"start":{"line":37,"column":4},"end":{"line":37,"column":14}},"15":{"start":{"line":43,"column":4},"end":{"line":43,"column":14}},"16":{"start":{"line":7,"column":13},"end":{"line":7,"column":32}},"17":{"start":{"line":7,"column":13},"end":{"line":45,"column":null}}},"fnMap":{"0":{"name":"(anonymous_4)","decl":{"start":{"line":8,"column":2},"end":{"line":8,"column":15}},"loc":{"start":{"line":8,"column":90},"end":{"line":8,"column":94}}},"1":{"name":"(anonymous_5)","decl":{"start":{"line":10,"column":2},"end":{"line":10,"column":7}},"loc":{"start":{"line":10,"column":14},"end":{"line":12,"column":3}}},"2":{"name":"(anonymous_6)","decl":{"start":{"line":14,"column":2},"end":{"line":14,"column":7}},"loc":{"start":{"line":14,"column":26},"end":{"line":20,"column":3}}},"3":{"name":"(anonymous_7)","decl":{"start":{"line":22,"column":2},"end":{"line":22,"column":7}},"loc":{"start":{"line":22,"column":36},"end":{"line":24,"column":3}}},"4":{"name":"(anonymous_8)","decl":{"start":{"line":26,"column":2},"end":{"line":26,"column":7}},"loc":{"start":{"line":26,"column":33},"end":{"line":32,"column":3}}},"5":{"name":"(anonymous_9)","decl":{"start":{"line":34,"column":2},"end":{"line":34,"column":7}},"loc":{"start":{"line":34,"column":50},"end":{"line":38,"column":3}}},"6":{"name":"(anonymous_10)","decl":{"start":{"line":40,"column":2},"end":{"line":40,"column":7}},"loc":{"start":{"line":40,"column":43},"end":{"line":44,"column":3}}}},"branchMap":{"0":{"loc":{"start":{"line":16,"column":4},"end":{"line":18,"column":5}},"type":"if","locations":[{"start":{"line":16,"column":4},"end":{"line":18,"column":5}},{"start":{},"end":{}}]},"1":{"loc":{"start":{"line":28,"column":4},"end":{"line":30,"column":5}},"type":"if","locations":[{"start":{"line":28,"column":4},"end":{"line":30,"column":5}},{"start":{},"end":{}}]}},"s":{"0":0,"1":0,"2":0,"3":0,"4":0,"5":0,"6":0,"7":0,"8":0,"9":0,"10":0,"11":0,"12":0,"13":0,"14":0,"15":0,"16":0,"17":0},"f":{"0":0,"1":0,"2":0,"3":0,"4":0,"5":0,"6":0},"b":{"0":[0,0],"1":[0,0]}}
,"/home/jesser/PFE/Booking System/backend/src/application/uses-cases/providers/update-provider.use-case.ts": {"path":"/home/jesser/PFE/Booking System/backend/src/application/uses-cases/providers/update-provider.use-case.ts","statementMap":{"0":{"start":{"line":1,"column":0},"end":{"line":1,"column":71}},"1":{"start":{"line":4,"column":0},"end":{"line":4,"column":87}},"2":{"start":{"line":8,"column":7},"end":{"line":33,"column":null}},"3":{"start":{"line":9,"column":51},"end":{"line":9,"column":90}},"4":{"start":{"line":12,"column":21},"end":{"line":12,"column":63}},"5":{"start":{"line":13,"column":4},"end":{"line":15,"column":5}},"6":{"start":{"line":14,"column":6},"end":{"line":14,"column":56}},"7":{"start":{"line":17,"column":4},"end":{"line":17,"column":45}},"8":{"start":{"line":17,"column":19},"end":{"line":17,"column":45}},"9":{"start":{"line":18,"column":4},"end":{"line":20,"column":5}},"10":{"start":{"line":19,"column":6},"end":{"line":19,"column":40}},"11":{"start":{"line":21,"column":4},"end":{"line":21,"column":36}},"12":{"start":{"line":23,"column":4},"end":{"line":23,"column":58}},"13":{"start":{"line":27,"column":21},"end":{"line":27,"column":63}},"14":{"start":{"line":28,"column":4},"end":{"line":30,"column":5}},"15":{"start":{"line":29,"column":6},"end":{"line":29,"column":56}},"16":{"start":{"line":31,"column":4},"end":{"line":31,"column":45}},"17":{"start":{"line":8,"column":13},"end":{"line":8,"column":34}},"18":{"start":{"line":8,"column":13},"end":{"line":33,"column":null}}},"fnMap":{"0":{"name":"(anonymous_4)","decl":{"start":{"line":9,"column":2},"end":{"line":9,"column":15}},"loc":{"start":{"line":9,"column":90},"end":{"line":9,"column":94}}},"1":{"name":"(anonymous_5)","decl":{"start":{"line":11,"column":2},"end":{"line":11,"column":7}},"loc":{"start":{"line":11,"column":51},"end":{"line":24,"column":3}}},"2":{"name":"(anonymous_6)","decl":{"start":{"line":26,"column":2},"end":{"line":26,"column":7}},"loc":{"start":{"line":26,"column":25},"end":{"line":32,"column":3}}}},"branchMap":{"0":{"loc":{"start":{"line":13,"column":4},"end":{"line":15,"column":5}},"type":"if","locations":[{"start":{"line":13,"column":4},"end":{"line":15,"column":5}},{"start":{},"end":{}}]},"1":{"loc":{"start":{"line":17,"column":4},"end":{"line":17,"column":45}},"type":"if","locations":[{"start":{"line":17,"column":4},"end":{"line":17,"column":45}},{"start":{},"end":{}}]},"2":{"loc":{"start":{"line":18,"column":4},"end":{"line":20,"column":5}},"type":"if","locations":[{"start":{"line":18,"column":4},"end":{"line":20,"column":5}},{"start":{},"end":{}}]},"3":{"loc":{"start":{"line":28,"column":4},"end":{"line":30,"column":5}},"type":"if","locations":[{"start":{"line":28,"column":4},"end":{"line":30,"column":5}},{"start":{},"end":{}}]}},"s":{"0":0,"1":0,"2":0,"3":0,"4":0,"5":0,"6":0,"7":0,"8":0,"9":0,"10":0,"11":0,"12":0,"13":0,"14":0,"15":0,"16":0,"17":0,"18":0},"f":{"0":0,"1":0,"2":0},"b":{"0":[0,0],"1":[0,0],"2":[0,0],"3":[0,0]}}
,"/home/jesser/PFE/Booking System/backend/src/application/uses-cases/slots/create-slot.use-case.ts": {"path":"/home/jesser/PFE/Booking System/backend/src/application/uses-cases/slots/create-slot.use-case.ts","statementMap":{"0":{"start":{"line":1,"column":0},"end":{"line":1,"column":73}},"1":{"start":{"line":2,"column":0},"end":{"line":2,"column":60}},"2":{"start":{"line":4,"column":0},"end":{"line":4,"column":79}},"3":{"start":{"line":7,"column":0},"end":{"line":7,"column":34}},"4":{"start":{"line":10,"column":7},"end":{"line":39,"column":null}},"5":{"start":{"line":12,"column":37},"end":{"line":12,"column":68}},"6":{"start":{"line":16,"column":22},"end":{"line":16,"column":47}},"7":{"start":{"line":17,"column":20},"end":{"line":17,"column":43}},"8":{"start":{"line":19,"column":23},"end":{"line":22,"column":null}},"9":{"start":{"line":25,"column":4},"end":{"line":27,"column":5}},"10":{"start":{"line":26,"column":6},"end":{"line":26,"column":75}},"11":{"start":{"line":29,"column":17},"end":{"line":34,"column":null}},"12":{"start":{"line":37,"column":4},"end":{"line":37,"column":44}},"13":{"start":{"line":10,"column":13},"end":{"line":10,"column":30}},"14":{"start":{"line":10,"column":13},"end":{"line":39,"column":null}}},"fnMap":{"0":{"name":"(anonymous_4)","decl":{"start":{"line":11,"column":2},"end":{"line":11,"column":null}},"loc":{"start":{"line":12,"column":68},"end":{"line":13,"column":6}}},"1":{"name":"(anonymous_5)","decl":{"start":{"line":15,"column":2},"end":{"line":15,"column":7}},"loc":{"start":{"line":15,"column":36},"end":{"line":38,"column":3}}}},"branchMap":{"0":{"loc":{"start":{"line":25,"column":4},"end":{"line":27,"column":5}},"type":"if","locations":[{"start":{"line":25,"column":4},"end":{"line":27,"column":5}},{"start":{},"end":{}}]}},"s":{"0":1,"1":1,"2":1,"3":1,"4":1,"5":20,"6":23,"7":23,"8":23,"9":22,"10":2,"11":20,"12":20,"13":1,"14":1},"f":{"0":20,"1":23},"b":{"0":[2,20]}}
,"/home/jesser/PFE/Booking System/backend/src/application/uses-cases/slots/get-slots.use-case.ts": {"path":"/home/jesser/PFE/Booking System/backend/src/application/uses-cases/slots/get-slots.use-case.ts","statementMap":{"0":{"start":{"line":1,"column":0},"end":{"line":1,"column":71}},"1":{"start":{"line":3,"column":0},"end":{"line":3,"column":79}},"2":{"start":{"line":7,"column":7},"end":{"line":60,"column":null}},"3":{"start":{"line":9,"column":37},"end":{"line":9,"column":68}},"4":{"start":{"line":13,"column":4},"end":{"line":13,"column":60}},"5":{"start":{"line":17,"column":4},"end":{"line":17,"column":73}},"6":{"start":{"line":21,"column":17},"end":{"line":21,"column":55}},"7":{"start":{"line":22,"column":4},"end":{"line":24,"column":5}},"8":{"start":{"line":23,"column":6},"end":{"line":23,"column":52}},"9":{"start":{"line":25,"column":4},"end":{"line":25,"column":16}},"10":{"start":{"line":29,"column":18},"end":{"line":29,"column":72}},"11":{"start":{"line":30,"column":4},"end":{"line":30,"column":52}},"12":{"start":{"line":30,"column":32},"end":{"line":30,"column":50}},"13":{"start":{"line":34,"column":18},"end":{"line":34,"column":85}},"14":{"start":{"line":35,"column":4},"end":{"line":35,"column":52}},"15":{"start":{"line":35,"column":32},"end":{"line":35,"column":50}},"16":{"start":{"line":39,"column":17},"end":{"line":39,"column":55}},"17":{"start":{"line":40,"column":4},"end":{"line":42,"column":5}},"18":{"start":{"line":41,"column":6},"end":{"line":41,"column":52}},"19":{"start":{"line":45,"column":4},"end":{"line":45,"column":51}},"20":{"start":{"line":45,"column":19},"end":{"line":45,"column":51}},"21":{"start":{"line":46,"column":4},"end":{"line":46,"column":66}},"22":{"start":{"line":46,"column":24},"end":{"line":46,"column":66}},"23":{"start":{"line":47,"column":4},"end":{"line":47,"column":60}},"24":{"start":{"line":47,"column":22},"end":{"line":47,"column":60}},"25":{"start":{"line":48,"column":4},"end":{"line":48,"column":47}},"26":{"start":{"line":48,"column":21},"end":{"line":48,"column":47}},"27":{"start":{"line":50,"column":4},"end":{"line":50,"column":50}},"28":{"start":{"line":54,"column":17},"end":{"line":54,"column":55}},"29":{"start":{"line":55,"column":4},"end":{"line":57,"column":5}},"30":{"start":{"line":56,"column":6},"end":{"line":56,"column":52}},"31":{"start":{"line":58,"column":4},"end":{"line":58,"column":41}},"32":{"start":{"line":7,"column":13},"end":{"line":7,"column":28}},"33":{"start":{"line":7,"column":13},"end":{"line":60,"column":null}}},"fnMap":{"0":{"name":"(anonymous_4)","decl":{"start":{"line":8,"column":2},"end":{"line":8,"column":null}},"loc":{"start":{"line":9,"column":68},"end":{"line":10,"column":6}}},"1":{"name":"(anonymous_5)","decl":{"start":{"line":12,"column":2},"end":{"line":12,"column":7}},"loc":{"start":{"line":12,"column":46},"end":{"line":14,"column":3}}},"2":{"name":"(anonymous_6)","decl":{"start":{"line":16,"column":2},"end":{"line":16,"column":7}},"loc":{"start":{"line":16,"column":63},"end":{"line":18,"column":3}}},"3":{"name":"(anonymous_7)","decl":{"start":{"line":20,"column":2},"end":{"line":20,"column":7}},"loc":{"start":{"line":20,"column":30},"end":{"line":26,"column":3}}},"4":{"name":"(anonymous_8)","decl":{"start":{"line":28,"column":2},"end":{"line":28,"column":7}},"loc":{"start":{"line":28,"column":53},"end":{"line":31,"column":3}}},"5":{"name":"(anonymous_9)","decl":{"start":{"line":30,"column":24},"end":{"line":30,"column":28}},"loc":{"start":{"line":30,"column":32},"end":{"line":30,"column":50}}},"6":{"name":"(anonymous_10)","decl":{"start":{"line":33,"column":2},"end":{"line":33,"column":7}},"loc":{"start":{"line":33,"column":72},"end":{"line":36,"column":3}}},"7":{"name":"(anonymous_11)","decl":{"start":{"line":35,"column":24},"end":{"line":35,"column":28}},"loc":{"start":{"line":35,"column":32},"end":{"line":35,"column":50}}},"8":{"name":"(anonymous_12)","decl":{"start":{"line":38,"column":2},"end":{"line":38,"column":7}},"loc":{"start":{"line":38,"column":40},"end":{"line":51,"column":3}}},"9":{"name":"(anonymous_13)","decl":{"start":{"line":53,"column":2},"end":{"line":53,"column":7}},"loc":{"start":{"line":53,"column":29},"end":{"line":59,"column":3}}}},"branchMap":{"0":{"loc":{"start":{"line":22,"column":4},"end":{"line":24,"column":5}},"type":"if","locations":[{"start":{"line":22,"column":4},"end":{"line":24,"column":5}},{"start":{},"end":{}}]},"1":{"loc":{"start":{"line":40,"column":4},"end":{"line":42,"column":5}},"type":"if","locations":[{"start":{"line":40,"column":4},"end":{"line":42,"column":5}},{"start":{},"end":{}}]},"2":{"loc":{"start":{"line":45,"column":4},"end":{"line":45,"column":51}},"type":"if","locations":[{"start":{"line":45,"column":4},"end":{"line":45,"column":51}},{"start":{},"end":{}}]},"3":{"loc":{"start":{"line":46,"column":4},"end":{"line":46,"column":66}},"type":"if","locations":[{"start":{"line":46,"column":4},"end":{"line":46,"column":66}},{"start":{},"end":{}}]},"4":{"loc":{"start":{"line":47,"column":4},"end":{"line":47,"column":60}},"type":"if","locations":[{"start":{"line":47,"column":4},"end":{"line":47,"column":60}},{"start":{},"end":{}}]},"5":{"loc":{"start":{"line":48,"column":4},"end":{"line":48,"column":47}},"type":"if","locations":[{"start":{"line":48,"column":4},"end":{"line":48,"column":47}},{"start":{},"end":{}}]},"6":{"loc":{"start":{"line":55,"column":4},"end":{"line":57,"column":5}},"type":"if","locations":[{"start":{"line":55,"column":4},"end":{"line":57,"column":5}},{"start":{},"end":{}}]}},"s":{"0":0,"1":0,"2":0,"3":0,"4":0,"5":0,"6":0,"7":0,"8":0,"9":0,"10":0,"11":0,"12":0,"13":0,"14":0,"15":0,"16":0,"17":0,"18":0,"19":0,"20":0,"21":0,"22":0,"23":0,"24":0,"25":0,"26":0,"27":0,"28":0,"29":0,"30":0,"31":0,"32":0,"33":0},"f":{"0":0,"1":0,"2":0,"3":0,"4":0,"5":0,"6":0,"7":0,"8":0,"9":0},"b":{"0":[0,0],"1":[0,0],"2":[0,0],"3":[0,0],"4":[0,0],"5":[0,0],"6":[0,0]}}
,"/home/jesser/PFE/Booking System/backend/src/domain/entities/Provider.entity.ts": {"path":"/home/jesser/PFE/Booking System/backend/src/domain/entities/Provider.entity.ts","statementMap":{"0":{"start":{"line":1,"column":0},"end":{"line":1,"column":37}},"1":{"start":{"line":2,"column":0},"end":{"line":2,"column":51}},"2":{"start":{"line":13,"column":4},"end":{"line":13,"column":46}},"3":{"start":{"line":14,"column":4},"end":{"line":14,"column":29}},"4":{"start":{"line":18,"column":2},"end":{"line":20,"column":3}},"5":{"start":{"line":19,"column":4},"end":{"line":19,"column":46}},"6":{"start":{"line":21,"column":2},"end":{"line":21,"column":30}},"7":{"start":{"line":25,"column":2},"end":{"line":27,"column":3}},"8":{"start":{"line":26,"column":4},"end":{"line":26,"column":41}},"9":{"start":{"line":29,"column":2},"end":{"line":29,"column":61}},"10":{"start":{"line":29,"column":46},"end":{"line":29,"column":59}},"11":{"start":{"line":33,"column":4},"end":{"line":33,"column":43}},"12":{"start":{"line":4,"column":0},"end":{"line":4,"column":13}}},"fnMap":{"0":{"name":"(anonymous_0)","decl":{"start":{"line":7,"column":2},"end":{"line":7,"column":null}},"loc":{"start":{"line":11,"column":27},"end":{"line":15,"column":3}}},"1":{"name":"(anonymous_1)","decl":{"start":{"line":17,"column":2},"end":{"line":17,"column":12}},"loc":{"start":{"line":17,"column":28},"end":{"line":22,"column":1}}},"2":{"name":"(anonymous_2)","decl":{"start":{"line":24,"column":0},"end":{"line":24,"column":13}},"loc":{"start":{"line":24,"column":29},"end":{"line":30,"column":1}}},"3":{"name":"(anonymous_3)","decl":{"start":{"line":29,"column":39},"end":{"line":29,"column":40}},"loc":{"start":{"line":29,"column":46},"end":{"line":29,"column":59}}},"4":{"name":"(anonymous_4)","decl":{"start":{"line":32,"column":2},"end":{"line":32,"column":12}},"loc":{"start":{"line":32,"column":28},"end":{"line":34,"column":3}}}},"branchMap":{"0":{"loc":{"start":{"line":11,"column":4},"end":{"line":11,"column":27}},"type":"default-arg","locations":[{"start":{"line":11,"column":25},"end":{"line":11,"column":27}}]},"1":{"loc":{"start":{"line":18,"column":2},"end":{"line":20,"column":3}},"type":"if","locations":[{"start":{"line":18,"column":2},"end":{"line":20,"column":3}},{"start":{},"end":{}}]},"2":{"loc":{"start":{"line":25,"column":2},"end":{"line":27,"column":3}},"type":"if","locations":[{"start":{"line":25,"column":2},"end":{"line":27,"column":3}},{"start":{},"end":{}}]}},"s":{"0":2,"1":2,"2":37,"3":37,"4":2,"5":1,"6":1,"7":2,"8":1,"9":1,"10":1,"11":2,"12":2},"f":{"0":37,"1":2,"2":2,"3":1,"4":2},"b":{"0":[0],"1":[1,1],"2":[1,1]}}
,"/home/jesser/PFE/Booking System/backend/src/domain/entities/appointment.entity.ts": {"path":"/home/jesser/PFE/Booking System/backend/src/domain/entities/appointment.entity.ts","statementMap":{"0":{"start":{"line":1,"column":0},"end":{"line":1,"column":69}},"1":{"start":{"line":12,"column":4},"end":{"line":12,"column":17}},"2":{"start":{"line":13,"column":4},"end":{"line":13,"column":29}},"3":{"start":{"line":14,"column":4},"end":{"line":14,"column":25}},"4":{"start":{"line":15,"column":4},"end":{"line":15,"column":46}},"5":{"start":{"line":16,"column":4},"end":{"line":16,"column":32}},"6":{"start":{"line":17,"column":4},"end":{"line":17,"column":32}},"7":{"start":{"line":21,"column":4},"end":{"line":23,"column":5}},"8":{"start":{"line":22,"column":6},"end":{"line":22,"column":58}},"9":{"start":{"line":24,"column":4},"end":{"line":24,"column":46}},"10":{"start":{"line":28,"column":4},"end":{"line":28,"column":48}},"11":{"start":{"line":3,"column":0},"end":{"line":3,"column":13}}},"fnMap":{"0":{"name":"(anonymous_0)","decl":{"start":{"line":11,"column":2},"end":{"line":11,"column":14}},"loc":{"start":{"line":11,"column":58},"end":{"line":18,"column":3}}},"1":{"name":"(anonymous_1)","decl":{"start":{"line":20,"column":2},"end":{"line":20,"column":8}},"loc":{"start":{"line":20,"column":8},"end":{"line":25,"column":3}}},"2":{"name":"(anonymous_2)","decl":{"start":{"line":27,"column":2},"end":{"line":27,"column":12}},"loc":{"start":{"line":27,"column":12},"end":{"line":29,"column":3}}}},"branchMap":{"0":{"loc":{"start":{"line":21,"column":4},"end":{"line":23,"column":5}},"type":"if","locations":[{"start":{"line":21,"column":4},"end":{"line":23,"column":5}},{"start":{},"end":{}}]}},"s":{"0":2,"1":18,"2":18,"3":18,"4":18,"5":18,"6":18,"7":3,"8":1,"9":2,"10":1,"11":2},"f":{"0":18,"1":3,"2":1},"b":{"0":[1,2]}}
,"/home/jesser/PFE/Booking System/backend/src/domain/entities/client.entity.ts": {"path":"/home/jesser/PFE/Booking System/backend/src/domain/entities/client.entity.ts","statementMap":{"0":{"start":{"line":1,"column":0},"end":{"line":1,"column":37}},"1":{"start":{"line":2,"column":0},"end":{"line":2,"column":51}},"2":{"start":{"line":15,"column":4},"end":{"line":15,"column":44}},"3":{"start":{"line":16,"column":4},"end":{"line":16,"column":35}},"4":{"start":{"line":17,"column":4},"end":{"line":17,"column":27}},"5":{"start":{"line":20,"column":4},"end":{"line":20,"column":61}},"6":{"start":{"line":24,"column":4},"end":{"line":24,"column":35}},"7":{"start":{"line":25,"column":4},"end":{"line":25,"column":27}},"8":{"start":{"line":26,"column":4},"end":{"line":26,"column":32}},"9":{"start":{"line":4,"column":0},"end":{"line":4,"column":13}}},"fnMap":{"0":{"name":"(anonymous_0)","decl":{"start":{"line":8,"column":2},"end":{"line":8,"column":null}},"loc":{"start":{"line":13,"column":20},"end":{"line":18,"column":3}}},"1":{"name":"(anonymous_1)","decl":{"start":{"line":19,"column":2},"end":{"line":19,"column":8}},"loc":{"start":{"line":19,"column":88},"end":{"line":21,"column":3}}},"2":{"name":"(anonymous_2)","decl":{"start":{"line":23,"column":2},"end":{"line":23,"column":19}},"loc":{"start":{"line":23,"column":56},"end":{"line":27,"column":3}}}},"branchMap":{},"s":{"0":2,"1":2,"2":18,"3":18,"4":18,"5":0,"6":1,"7":1,"8":1,"9":2},"f":{"0":18,"1":0,"2":1},"b":{}}
,"/home/jesser/PFE/Booking System/backend/src/domain/entities/slot.entity.ts": {"path":"/home/jesser/PFE/Booking System/backend/src/domain/entities/slot.entity.ts","statementMap":{"0":{"start":{"line":1,"column":0},"end":{"line":1,"column":55}},"1":{"start":{"line":20,"column":4},"end":{"line":20,"column":17}},"2":{"start":{"line":21,"column":4},"end":{"line":21,"column":33}},"3":{"start":{"line":22,"column":4},"end":{"line":22,"column":21}},"4":{"start":{"line":23,"column":4},"end":{"line":23,"column":31}},"5":{"start":{"line":24,"column":4},"end":{"line":24,"column":27}},"6":{"start":{"line":25,"column":4},"end":{"line":25,"column":39}},"7":{"start":{"line":26,"column":4},"end":{"line":26,"column":32}},"8":{"start":{"line":27,"column":4},"end":{"line":27,"column":32}},"9":{"start":{"line":31,"column":4},"end":{"line":33,"column":5}},"10":{"start":{"line":32,"column":6},"end":{"line":32,"column":48}},"11":{"start":{"line":34,"column":4},"end":{"line":34,"column":36}},"12":{"start":{"line":38,"column":4},"end":{"line":40,"column":5}},"13":{"start":{"line":39,"column":6},"end":{"line":39,"column":51}},"14":{"start":{"line":41,"column":4},"end":{"line":41,"column":39}},"15":{"start":{"line":45,"column":4},"end":{"line":45,"column":48}},"16":{"start":{"line":3,"column":0},"end":{"line":3,"column":13}}},"fnMap":{"0":{"name":"(anonymous_0)","decl":{"start":{"line":13,"column":2},"end":{"line":13,"column":null}},"loc":{"start":{"line":18,"column":17},"end":{"line":28,"column":3}}},"1":{"name":"(anonymous_1)","decl":{"start":{"line":30,"column":2},"end":{"line":30,"column":6}},"loc":{"start":{"line":30,"column":6},"end":{"line":35,"column":3}}},"2":{"name":"(anonymous_2)","decl":{"start":{"line":37,"column":2},"end":{"line":37,"column":9}},"loc":{"start":{"line":37,"column":9},"end":{"line":42,"column":3}}},"3":{"name":"(anonymous_3)","decl":{"start":{"line":44,"column":2},"end":{"line":44,"column":13}},"loc":{"start":{"line":44,"column":13},"end":{"line":46,"column":3}}}},"branchMap":{"0":{"loc":{"start":{"line":31,"column":4},"end":{"line":33,"column":5}},"type":"if","locations":[{"start":{"line":31,"column":4},"end":{"line":33,"column":5}},{"start":{},"end":{}}]},"1":{"loc":{"start":{"line":38,"column":4},"end":{"line":40,"column":5}},"type":"if","locations":[{"start":{"line":38,"column":4},"end":{"line":40,"column":5}},{"start":{},"end":{}}]}},"s":{"0":2,"1":25,"2":25,"3":25,"4":25,"5":25,"6":25,"7":25,"8":25,"9":4,"10":1,"11":3,"12":2,"13":1,"14":1,"15":0,"16":2},"f":{"0":25,"1":4,"2":2,"3":0},"b":{"0":[1,3],"1":[1,1]}}
,"/home/jesser/PFE/Booking System/backend/src/domain/entities/user.entity.ts": {"path":"/home/jesser/PFE/Booking System/backend/src/domain/entities/user.entity.ts","statementMap":{"0":{"start":{"line":12,"column":4},"end":{"line":12,"column":17}},"1":{"start":{"line":13,"column":4},"end":{"line":13,"column":23}},"2":{"start":{"line":14,"column":4},"end":{"line":14,"column":21}},"3":{"start":{"line":15,"column":4},"end":{"line":15,"column":21}},"4":{"start":{"line":16,"column":4},"end":{"line":16,"column":32}},"5":{"start":{"line":17,"column":4},"end":{"line":17,"column":32}},"6":{"start":{"line":3,"column":0},"end":{"line":3,"column":22}}},"fnMap":{"0":{"name":"(anonymous_0)","decl":{"start":{"line":11,"column":2},"end":{"line":11,"column":14}},"loc":{"start":{"line":11,"column":69},"end":{"line":18,"column":3}}}},"branchMap":{},"s":{"0":55,"1":55,"2":55,"3":55,"4":55,"5":55,"6":4},"f":{"0":55},"b":{}}
,"/home/jesser/PFE/Booking System/backend/src/domain/enums/appointment-status.enum.ts": {"path":"/home/jesser/PFE/Booking System/backend/src/domain/enums/appointment-status.enum.ts","statementMap":{"0":{"start":{"line":1,"column":0},"end":{"line":1,"column":null}},"1":{"start":{"line":2,"column":2},"end":{"line":2,"column":null}},"2":{"start":{"line":3,"column":2},"end":{"line":3,"column":null}},"3":{"start":{"line":4,"column":2},"end":{"line":4,"column":null}}},"fnMap":{"0":{"name":"(anonymous_0)","decl":{"start":{"line":1,"column":0},"end":{"line":1,"column":12}},"loc":{"start":{"line":1,"column":29},"end":{"line":5,"column":1}}}},"branchMap":{"0":{"loc":{"start":{"line":1,"column":12},"end":{"line":1,"column":null}},"type":"binary-expr","locations":[{"start":{"line":1,"column":12},"end":{"line":1,"column":29}},{"start":{"line":1,"column":29},"end":{"line":1,"column":null}}]}},"s":{"0":4,"1":4,"2":4,"3":4},"f":{"0":4},"b":{"0":[4,4]}}
,"/home/jesser/PFE/Booking System/backend/src/domain/enums/appointment-status.ts": {"path":"/home/jesser/PFE/Booking System/backend/src/domain/enums/appointment-status.ts","statementMap":{"0":{"start":{"line":1,"column":0},"end":{"line":1,"column":null}},"1":{"start":{"line":2,"column":2},"end":{"line":2,"column":null}},"2":{"start":{"line":3,"column":2},"end":{"line":3,"column":null}}},"fnMap":{"0":{"name":"(anonymous_0)","decl":{"start":{"line":1,"column":0},"end":{"line":1,"column":12}},"loc":{"start":{"line":1,"column":22},"end":{"line":4,"column":1}}}},"branchMap":{"0":{"loc":{"start":{"line":1,"column":12},"end":{"line":1,"column":null}},"type":"binary-expr","locations":[{"start":{"line":1,"column":12},"end":{"line":1,"column":22}},{"start":{"line":1,"column":22},"end":{"line":1,"column":null}}]}},"s":{"0":0,"1":0,"2":0},"f":{"0":0},"b":{"0":[0,0]}}
,"/home/jesser/PFE/Booking System/backend/src/domain/enums/slot-status.enum.ts": {"path":"/home/jesser/PFE/Booking System/backend/src/domain/enums/slot-status.enum.ts","statementMap":{"0":{"start":{"line":1,"column":0},"end":{"line":1,"column":null}},"1":{"start":{"line":2,"column":2},"end":{"line":2,"column":null}},"2":{"start":{"line":3,"column":2},"end":{"line":3,"column":null}}},"fnMap":{"0":{"name":"(anonymous_0)","decl":{"start":{"line":1,"column":0},"end":{"line":1,"column":12}},"loc":{"start":{"line":1,"column":22},"end":{"line":4,"column":1}}}},"branchMap":{"0":{"loc":{"start":{"line":1,"column":12},"end":{"line":1,"column":null}},"type":"binary-expr","locations":[{"start":{"line":1,"column":12},"end":{"line":1,"column":22}},{"start":{"line":1,"column":22},"end":{"line":1,"column":null}}]}},"s":{"0":3,"1":3,"2":3},"f":{"0":3},"b":{"0":[3,3]}}
,"/home/jesser/PFE/Booking System/backend/src/domain/enums/user-role.enum.ts": {"path":"/home/jesser/PFE/Booking System/backend/src/domain/enums/user-role.enum.ts","statementMap":{"0":{"start":{"line":1,"column":0},"end":{"line":1,"column":null}},"1":{"start":{"line":2,"column":2},"end":{"line":2,"column":null}},"2":{"start":{"line":3,"column":2},"end":{"line":3,"column":null}},"3":{"start":{"line":4,"column":2},"end":{"line":4,"column":null}}},"fnMap":{"0":{"name":"(anonymous_0)","decl":{"start":{"line":1,"column":0},"end":{"line":1,"column":12}},"loc":{"start":{"line":1,"column":20},"end":{"line":5,"column":1}}}},"branchMap":{"0":{"loc":{"start":{"line":1,"column":12},"end":{"line":1,"column":null}},"type":"binary-expr","locations":[{"start":{"line":1,"column":12},"end":{"line":1,"column":20}},{"start":{"line":1,"column":20},"end":{"line":1,"column":null}}]}},"s":{"0":4,"1":4,"2":4,"3":4},"f":{"0":4},"b":{"0":[4,4]}}
,"/home/jesser/PFE/Booking System/backend/src/domain/repositories/appointment.repository.ts": {"path":"/home/jesser/PFE/Booking System/backend/src/domain/repositories/appointment.repository.ts","statementMap":{"0":{"start":{"line":15,"column":13},"end":{"line":15,"column":63}}},"fnMap":{},"branchMap":{},"s":{"0":3},"f":{},"b":{}}
,"/home/jesser/PFE/Booking System/backend/src/domain/repositories/client.repository.ts": {"path":"/home/jesser/PFE/Booking System/backend/src/domain/repositories/client.repository.ts","statementMap":{"0":{"start":{"line":12,"column":13},"end":{"line":12,"column":53}}},"fnMap":{},"branchMap":{},"s":{"0":2},"f":{},"b":{}}
,"/home/jesser/PFE/Booking System/backend/src/domain/repositories/provider.repository.ts": {"path":"/home/jesser/PFE/Booking System/backend/src/domain/repositories/provider.repository.ts","statementMap":{"0":{"start":{"line":13,"column":13},"end":{"line":13,"column":57}}},"fnMap":{},"branchMap":{},"s":{"0":1},"f":{},"b":{}}
,"/home/jesser/PFE/Booking System/backend/src/domain/repositories/slot.repository.ts": {"path":"/home/jesser/PFE/Booking System/backend/src/domain/repositories/slot.repository.ts","statementMap":{"0":{"start":{"line":13,"column":13},"end":{"line":13,"column":49}}},"fnMap":{},"branchMap":{},"s":{"0":4},"f":{},"b":{}}
,"/home/jesser/PFE/Booking System/backend/src/domain/repositories/user.repository.ts": {"path":"/home/jesser/PFE/Booking System/backend/src/domain/repositories/user.repository.ts","statementMap":{"0":{"start":{"line":11,"column":13},"end":{"line":11,"column":49}}},"fnMap":{},"branchMap":{},"s":{"0":0},"f":{},"b":{}}
,"/home/jesser/PFE/Booking System/backend/src/infrastructure/auth/auth.module.ts": {"path":"/home/jesser/PFE/Booking System/backend/src/infrastructure/auth/auth.module.ts","statementMap":{"0":{"start":{"line":2,"column":0},"end":{"line":2,"column":40}},"1":{"start":{"line":3,"column":0},"end":{"line":3,"column":50}},"2":{"start":{"line":4,"column":0},"end":{"line":4,"column":55}},"3":{"start":{"line":5,"column":0},"end":{"line":5,"column":41}},"4":{"start":{"line":6,"column":0},"end":{"line":6,"column":53}},"5":{"start":{"line":19,"column":7},"end":{"line":19,"column":null}},"6":{"start":{"line":19,"column":13},"end":{"line":19,"column":23}},"7":{"start":{"line":19,"column":13},"end":{"line":19,"column":null}}},"fnMap":{},"branchMap":{},"s":{"0":0,"1":0,"2":0,"3":0,"4":0,"5":0,"6":0,"7":0},"f":{},"b":{}}
,"/home/jesser/PFE/Booking System/backend/src/infrastructure/auth/keyclock.guard.ts": {"path":"/home/jesser/PFE/Booking System/backend/src/infrastructure/auth/keyclock.guard.ts","statementMap":{"0":{"start":{"line":2,"column":0},"end":{"line":2,"column":62}},"1":{"start":{"line":3,"column":0},"end":{"line":3,"column":45}},"2":{"start":{"line":4,"column":0},"end":{"line":4,"column":41}},"3":{"start":{"line":7,"column":7},"end":{"line":24,"column":null}},"4":{"start":{"line":9,"column":4},"end":{"line":9,"column":12}},"5":{"start":{"line":8,"column":22},"end":{"line":8,"column":33}},"6":{"start":{"line":13,"column":21},"end":{"line":16,"column":6}},"7":{"start":{"line":18,"column":4},"end":{"line":20,"column":5}},"8":{"start":{"line":19,"column":6},"end":{"line":19,"column":18}},"9":{"start":{"line":22,"column":4},"end":{"line":22,"column":38}},"10":{"start":{"line":7,"column":13},"end":{"line":7,"column":30}},"11":{"start":{"line":7,"column":13},"end":{"line":24,"column":null}}},"fnMap":{"0":{"name":"(anonymous_2)","decl":{"start":{"line":8,"column":2},"end":{"line":8,"column":22}},"loc":{"start":{"line":8,"column":42},"end":{"line":10,"column":3}}},"1":{"name":"(anonymous_3)","decl":{"start":{"line":12,"column":2},"end":{"line":12,"column":13}},"loc":{"start":{"line":12,"column":39},"end":{"line":23,"column":3}}}},"branchMap":{"0":{"loc":{"start":{"line":18,"column":4},"end":{"line":20,"column":5}},"type":"if","locations":[{"start":{"line":18,"column":4},"end":{"line":20,"column":5}},{"start":{},"end":{}}]},"1":{"loc":{"start":{"line":8,"column":33},"end":{"line":8,"column":null}},"type":"cond-expr","locations":[{"start":{"line":8,"column":42},"end":{"line":8,"column":null}},{"start":{"line":8,"column":42},"end":{"line":8,"column":null}}]},"2":{"loc":{"start":{"line":8,"column":33},"end":{"line":8,"column":42}},"type":"binary-expr","locations":[{"start":{"line":8,"column":33},"end":{"line":8,"column":null}},{"start":{"line":8,"column":33},"end":{"line":8,"column":42}}]}},"s":{"0":0,"1":0,"2":0,"3":0,"4":0,"5":0,"6":0,"7":0,"8":0,"9":0,"10":0,"11":0},"f":{"0":0,"1":0},"b":{"0":[0,0],"1":[0,0],"2":[0,0]}}
,"/home/jesser/PFE/Booking System/backend/src/infrastructure/auth/keyclock.strategy.ts": {"path":"/home/jesser/PFE/Booking System/backend/src/infrastructure/auth/keyclock.strategy.ts","statementMap":{"0":{"start":{"line":2,"column":0},"end":{"line":2,"column":67}},"1":{"start":{"line":3,"column":0},"end":{"line":3,"column":52}},"2":{"start":{"line":4,"column":0},"end":{"line":4,"column":52}},"3":{"start":{"line":5,"column":0},"end":{"line":5,"column":45}},"4":{"start":{"line":8,"column":7},"end":{"line":37,"column":null}},"5":{"start":{"line":10,"column":4},"end":{"line":22,"column":7}},"6":{"start":{"line":26,"column":4},"end":{"line":28,"column":5}},"7":{"start":{"line":27,"column":6},"end":{"line":27,"column":40}},"8":{"start":{"line":30,"column":4},"end":{"line":35,"column":6}},"9":{"start":{"line":8,"column":13},"end":{"line":8,"column":29}},"10":{"start":{"line":8,"column":13},"end":{"line":37,"column":null}}},"fnMap":{"0":{"name":"(anonymous_2)","decl":{"start":{"line":9,"column":2},"end":{"line":9,"column":null}},"loc":{"start":{"line":9,"column":2},"end":{"line":23,"column":3}}},"1":{"name":"(anonymous_3)","decl":{"start":{"line":25,"column":2},"end":{"line":25,"column":7}},"loc":{"start":{"line":25,"column":29},"end":{"line":36,"column":3}}}},"branchMap":{"0":{"loc":{"start":{"line":26,"column":4},"end":{"line":28,"column":5}},"type":"if","locations":[{"start":{"line":26,"column":4},"end":{"line":28,"column":5}},{"start":{},"end":{}}]},"1":{"loc":{"start":{"line":34,"column":13},"end":{"line":34,"column":46}},"type":"binary-expr","locations":[{"start":{"line":34,"column":13},"end":{"line":34,"column":40}},{"start":{"line":34,"column":44},"end":{"line":34,"column":46}}]}},"s":{"0":0,"1":0,"2":0,"3":0,"4":0,"5":0,"6":0,"7":0,"8":0,"9":0,"10":0},"f":{"0":0,"1":0},"b":{"0":[0,0],"1":[0,0]}}
,"/home/jesser/PFE/Booking System/backend/src/infrastructure/auth/public.decorator.ts": {"path":"/home/jesser/PFE/Booking System/backend/src/infrastructure/auth/public.decorator.ts","statementMap":{"0":{"start":{"line":2,"column":0},"end":{"line":2,"column":45}},"1":{"start":{"line":3,"column":0},"end":{"line":3,"column":42}},"2":{"start":{"line":5,"column":13},"end":{"line":5,"column":40}},"3":{"start":{"line":6,"column":22},"end":{"line":6,"column":60}},"4":{"start":{"line":6,"column":28},"end":{"line":6,"column":60}},"5":{"start":{"line":6,"column":13},"end":{"line":6,"column":22}},"6":{"start":{"line":7,"column":21},"end":{"line":7,"column":74}},"7":{"start":{"line":7,"column":45},"end":{"line":7,"column":74}},"8":{"start":{"line":7,"column":13},"end":{"line":7,"column":21}}},"fnMap":{"0":{"name":"(anonymous_0)","decl":{"start":{"line":6,"column":22},"end":{"line":6,"column":25}},"loc":{"start":{"line":6,"column":28},"end":{"line":6,"column":60}}},"1":{"name":"(anonymous_1)","decl":{"start":{"line":7,"column":21},"end":{"line":7,"column":22}},"loc":{"start":{"line":7,"column":45},"end":{"line":7,"column":74}}}},"branchMap":{},"s":{"0":0,"1":0,"2":0,"3":0,"4":0,"5":0,"6":0,"7":0,"8":0},"f":{"0":0,"1":0},"b":{}}
,"/home/jesser/PFE/Booking System/backend/src/infrastructure/auth/roles.guard.ts": {"path":"/home/jesser/PFE/Booking System/backend/src/infrastructure/auth/roles.guard.ts","statementMap":{"0":{"start":{"line":2,"column":0},"end":{"line":2,"column":75}},"1":{"start":{"line":3,"column":0},"end":{"line":3,"column":41}},"2":{"start":{"line":5,"column":13},"end":{"line":5,"column":33}},"3":{"start":{"line":8,"column":7},"end":{"line":24,"column":null}},"4":{"start":{"line":9,"column":22},"end":{"line":9,"column":33}},"5":{"start":{"line":12,"column":26},"end":{"line":15,"column":6}},"6":{"start":{"line":17,"column":4},"end":{"line":19,"column":5}},"7":{"start":{"line":18,"column":6},"end":{"line":18,"column":18}},"8":{"start":{"line":21,"column":21},"end":{"line":21,"column":56}},"9":{"start":{"line":22,"column":4},"end":{"line":22,"column":68}},"10":{"start":{"line":22,"column":40},"end":{"line":22,"column":66}},"11":{"start":{"line":8,"column":13},"end":{"line":8,"column":23}},"12":{"start":{"line":8,"column":13},"end":{"line":24,"column":null}}},"fnMap":{"0":{"name":"(anonymous_2)","decl":{"start":{"line":9,"column":2},"end":{"line":9,"column":22}},"loc":{"start":{"line":9,"column":42},"end":{"line":9,"column":46}}},"1":{"name":"(anonymous_3)","decl":{"start":{"line":11,"column":2},"end":{"line":11,"column":13}},"loc":{"start":{"line":11,"column":39},"end":{"line":23,"column":3}}},"2":{"name":"(anonymous_4)","decl":{"start":{"line":22,"column":30},"end":{"line":22,"column":31}},"loc":{"start":{"line":22,"column":40},"end":{"line":22,"column":66}}}},"branchMap":{"0":{"loc":{"start":{"line":17,"column":4},"end":{"line":19,"column":5}},"type":"if","locations":[{"start":{"line":17,"column":4},"end":{"line":19,"column":5}},{"start":{},"end":{}}]},"1":{"loc":{"start":{"line":9,"column":33},"end":{"line":9,"column":45}},"type":"cond-expr","locations":[{"start":{"line":9,"column":42},"end":{"line":9,"column":45}},{"start":{"line":9,"column":42},"end":{"line":9,"column":45}}]},"2":{"loc":{"start":{"line":9,"column":33},"end":{"line":9,"column":42}},"type":"binary-expr","locations":[{"start":{"line":9,"column":33},"end":{"line":9,"column":45}},{"start":{"line":9,"column":33},"end":{"line":9,"column":42}}]}},"s":{"0":0,"1":0,"2":0,"3":0,"4":0,"5":0,"6":0,"7":0,"8":0,"9":0,"10":0,"11":0,"12":0},"f":{"0":0,"1":0,"2":0},"b":{"0":[0,0],"1":[0,0],"2":[0,0]}}
,"/home/jesser/PFE/Booking System/backend/src/infrastructure/repositories/prisma-appointment.repository.ts": {"path":"/home/jesser/PFE/Booking System/backend/src/infrastructure/repositories/prisma-appointment.repository.ts","statementMap":{"0":{"start":{"line":1,"column":0},"end":{"line":1,"column":44}},"1":{"start":{"line":2,"column":0},"end":{"line":2,"column":73}},"2":{"start":{"line":3,"column":0},"end":{"line":3,"column":69}},"3":{"start":{"line":7,"column":7},"end":{"line":106,"column":null}},"4":{"start":{"line":8,"column":22},"end":{"line":8,"column":30}},"5":{"start":{"line":11,"column":20},"end":{"line":18,"column":6}},"6":{"start":{"line":19,"column":4},"end":{"line":19,"column":34}},"7":{"start":{"line":23,"column":19},"end":{"line":25,"column":6}},"8":{"start":{"line":26,"column":4},"end":{"line":26,"column":49}},"9":{"start":{"line":30,"column":20},"end":{"line":33,"column":6}},"10":{"start":{"line":34,"column":4},"end":{"line":34,"column":48}},"11":{"start":{"line":34,"column":30},"end":{"line":34,"column":46}},"12":{"start":{"line":38,"column":20},"end":{"line":48,"column":6}},"13":{"start":{"line":49,"column":4},"end":{"line":49,"column":48}},"14":{"start":{"line":49,"column":30},"end":{"line":49,"column":46}},"15":{"start":{"line":53,"column":20},"end":{"line":61,"column":6}},"16":{"start":{"line":62,"column":4},"end":{"line":62,"column":48}},"17":{"start":{"line":62,"column":30},"end":{"line":62,"column":46}},"18":{"start":{"line":66,"column":19},"end":{"line":68,"column":6}},"19":{"start":{"line":69,"column":4},"end":{"line":69,"column":49}},"20":{"start":{"line":73,"column":20},"end":{"line":79,"column":6}},"21":{"start":{"line":80,"column":4},"end":{"line":80,"column":34}},"22":{"start":{"line":84,"column":4},"end":{"line":86,"column":7}},"23":{"start":{"line":90,"column":24},"end":{"line":93,"column":null}},"24":{"start":{"line":95,"column":4},"end":{"line":95,"column":39}},"25":{"start":{"line":96,"column":4},"end":{"line":96,"column":55}},"26":{"start":{"line":97,"column":4},"end":{"line":97,"column":55}},"27":{"start":{"line":98,"column":4},"end":{"line":98,"column":23}},"28":{"start":{"line":101,"column":20},"end":{"line":103,"column":6}},"29":{"start":{"line":104,"column":4},"end":{"line":104,"column":48}},"30":{"start":{"line":104,"column":30},"end":{"line":104,"column":46}},"31":{"start":{"line":7,"column":13},"end":{"line":7,"column":40}},"32":{"start":{"line":7,"column":13},"end":{"line":106,"column":null}}},"fnMap":{"0":{"name":"(anonymous_2)","decl":{"start":{"line":8,"column":2},"end":{"line":8,"column":22}},"loc":{"start":{"line":8,"column":43},"end":{"line":8,"column":47}}},"1":{"name":"(anonymous_3)","decl":{"start":{"line":10,"column":2},"end":{"line":10,"column":7}},"loc":{"start":{"line":10,"column":39},"end":{"line":20,"column":3}}},"2":{"name":"(anonymous_4)","decl":{"start":{"line":22,"column":2},"end":{"line":22,"column":7}},"loc":{"start":{"line":22,"column":27},"end":{"line":27,"column":3}}},"3":{"name":"(anonymous_5)","decl":{"start":{"line":29,"column":2},"end":{"line":29,"column":7}},"loc":{"start":{"line":29,"column":39},"end":{"line":35,"column":3}}},"4":{"name":"(anonymous_6)","decl":{"start":{"line":34,"column":23},"end":{"line":34,"column":24}},"loc":{"start":{"line":34,"column":30},"end":{"line":34,"column":46}}},"5":{"name":"(anonymous_7)","decl":{"start":{"line":37,"column":2},"end":{"line":37,"column":7}},"loc":{"start":{"line":37,"column":43},"end":{"line":50,"column":3}}},"6":{"name":"(anonymous_8)","decl":{"start":{"line":49,"column":23},"end":{"line":49,"column":24}},"loc":{"start":{"line":49,"column":30},"end":{"line":49,"column":46}}},"7":{"name":"(anonymous_9)","decl":{"start":{"line":52,"column":2},"end":{"line":52,"column":7}},"loc":{"start":{"line":52,"column":54},"end":{"line":63,"column":3}}},"8":{"name":"(anonymous_10)","decl":{"start":{"line":62,"column":23},"end":{"line":62,"column":24}},"loc":{"start":{"line":62,"column":30},"end":{"line":62,"column":46}}},"9":{"name":"(anonymous_11)","decl":{"start":{"line":65,"column":2},"end":{"line":65,"column":7}},"loc":{"start":{"line":65,"column":35},"end":{"line":70,"column":3}}},"10":{"name":"(anonymous_12)","decl":{"start":{"line":72,"column":2},"end":{"line":72,"column":7}},"loc":{"start":{"line":72,"column":39},"end":{"line":81,"column":3}}},"11":{"name":"(anonymous_13)","decl":{"start":{"line":83,"column":2},"end":{"line":83,"column":7}},"loc":{"start":{"line":83,"column":25},"end":{"line":87,"column":3}}},"12":{"name":"(anonymous_14)","decl":{"start":{"line":89,"column":10},"end":{"line":89,"column":18}},"loc":{"start":{"line":89,"column":30},"end":{"line":99,"column":3}}},"13":{"name":"(anonymous_15)","decl":{"start":{"line":100,"column":2},"end":{"line":100,"column":7}},"loc":{"start":{"line":100,"column":14},"end":{"line":105,"column":3}}},"14":{"name":"(anonymous_16)","decl":{"start":{"line":104,"column":23},"end":{"line":104,"column":24}},"loc":{"start":{"line":104,"column":30},"end":{"line":104,"column":46}}}},"branchMap":{"0":{"loc":{"start":{"line":26,"column":11},"end":{"line":26,"column":48}},"type":"cond-expr","locations":[{"start":{"line":26,"column":20},"end":{"line":26,"column":41}},{"start":{"line":26,"column":44},"end":{"line":26,"column":48}}]},"1":{"loc":{"start":{"line":69,"column":11},"end":{"line":69,"column":48}},"type":"cond-expr","locations":[{"start":{"line":69,"column":20},"end":{"line":69,"column":41}},{"start":{"line":69,"column":44},"end":{"line":69,"column":48}}]},"2":{"loc":{"start":{"line":8,"column":30},"end":{"line":8,"column":46}},"type":"cond-expr","locations":[{"start":{"line":8,"column":43},"end":{"line":8,"column":46}},{"start":{"line":8,"column":43},"end":{"line":8,"column":46}}]},"3":{"loc":{"start":{"line":8,"column":30},"end":{"line":8,"column":43}},"type":"binary-expr","locations":[{"start":{"line":8,"column":30},"end":{"line":8,"column":46}},{"start":{"line":8,"column":30},"end":{"line":8,"column":43}}]}},"s":{"0":0,"1":0,"2":0,"3":0,"4":0,"5":0,"6":0,"7":0,"8":0,"9":0,"10":0,"11":0,"12":0,"13":0,"14":0,"15":0,"16":0,"17":0,"18":0,"19":0,"20":0,"21":0,"22":0,"23":0,"24":0,"25":0,"26":0,"27":0,"28":0,"29":0,"30":0,"31":0,"32":0},"f":{"0":0,"1":0,"2":0,"3":0,"4":0,"5":0,"6":0,"7":0,"8":0,"9":0,"10":0,"11":0,"12":0,"13":0,"14":0},"b":{"0":[0,0],"1":[0,0],"2":[0,0],"3":[0,0]}}
,"/home/jesser/PFE/Booking System/backend/src/infrastructure/repositories/prisma-client.repository.ts": {"path":"/home/jesser/PFE/Booking System/backend/src/infrastructure/repositories/prisma-client.repository.ts","statementMap":{"0":{"start":{"line":1,"column":0},"end":{"line":1,"column":44}},"1":{"start":{"line":2,"column":0},"end":{"line":2,"column":73}},"2":{"start":{"line":3,"column":0},"end":{"line":3,"column":59}},"3":{"start":{"line":7,"column":7},"end":{"line":85,"column":null}},"4":{"start":{"line":8,"column":22},"end":{"line":8,"column":30}},"5":{"start":{"line":11,"column":20},"end":{"line":20,"column":6}},"6":{"start":{"line":21,"column":4},"end":{"line":21,"column":34}},"7":{"start":{"line":25,"column":19},"end":{"line":28,"column":6}},"8":{"start":{"line":29,"column":4},"end":{"line":31,"column":13}},"9":{"start":{"line":35,"column":19},"end":{"line":38,"column":6}},"10":{"start":{"line":39,"column":4},"end":{"line":41,"column":13}},"11":{"start":{"line":45,"column":20},"end":{"line":49,"column":6}},"12":{"start":{"line":50,"column":4},"end":{"line":50,"column":48}},"13":{"start":{"line":50,"column":30},"end":{"line":50,"column":46}},"14":{"start":{"line":54,"column":20},"end":{"line":63,"column":6}},"15":{"start":{"line":64,"column":4},"end":{"line":64,"column":34}},"16":{"start":{"line":68,"column":4},"end":{"line":70,"column":7}},"17":{"start":{"line":74,"column":19},"end":{"line":79,"column":null}},"18":{"start":{"line":81,"column":4},"end":{"line":81,"column":50}},"19":{"start":{"line":82,"column":4},"end":{"line":82,"column":50}},"20":{"start":{"line":83,"column":4},"end":{"line":83,"column":18}},"21":{"start":{"line":7,"column":13},"end":{"line":7,"column":35}},"22":{"start":{"line":7,"column":13},"end":{"line":85,"column":null}}},"fnMap":{"0":{"name":"(anonymous_2)","decl":{"start":{"line":8,"column":2},"end":{"line":8,"column":22}},"loc":{"start":{"line":8,"column":43},"end":{"line":8,"column":47}}},"1":{"name":"(anonymous_3)","decl":{"start":{"line":10,"column":2},"end":{"line":10,"column":7}},"loc":{"start":{"line":10,"column":29},"end":{"line":22,"column":3}}},"2":{"name":"(anonymous_4)","decl":{"start":{"line":24,"column":2},"end":{"line":24,"column":7}},"loc":{"start":{"line":24,"column":27},"end":{"line":32,"column":3}}},"3":{"name":"(anonymous_5)","decl":{"start":{"line":34,"column":2},"end":{"line":34,"column":7}},"loc":{"start":{"line":34,"column":33},"end":{"line":42,"column":3}}},"4":{"name":"(anonymous_6)","decl":{"start":{"line":44,"column":2},"end":{"line":44,"column":7}},"loc":{"start":{"line":44,"column":15},"end":{"line":51,"column":3}}},"5":{"name":"(anonymous_7)","decl":{"start":{"line":50,"column":23},"end":{"line":50,"column":24}},"loc":{"start":{"line":50,"column":30},"end":{"line":50,"column":46}}},"6":{"name":"(anonymous_8)","decl":{"start":{"line":53,"column":2},"end":{"line":53,"column":7}},"loc":{"start":{"line":53,"column":29},"end":{"line":65,"column":3}}},"7":{"name":"(anonymous_9)","decl":{"start":{"line":67,"column":2},"end":{"line":67,"column":7}},"loc":{"start":{"line":67,"column":25},"end":{"line":71,"column":3}}},"8":{"name":"(anonymous_10)","decl":{"start":{"line":73,"column":10},"end":{"line":73,"column":18}},"loc":{"start":{"line":73,"column":30},"end":{"line":84,"column":3}}}},"branchMap":{"0":{"loc":{"start":{"line":29,"column":11},"end":{"line":31,"column":12}},"type":"cond-expr","locations":[{"start":{"line":30,"column":8},"end":{"line":30,"column":29}},{"start":{"line":31,"column":8},"end":{"line":31,"column":12}}]},"1":{"loc":{"start":{"line":29,"column":11},"end":{"line":29,"column":45}},"type":"binary-expr","locations":[{"start":{"line":29,"column":11},"end":{"line":29,"column":17}},{"start":{"line":29,"column":21},"end":{"line":29,"column":45}}]},"2":{"loc":{"start":{"line":39,"column":11},"end":{"line":41,"column":12}},"type":"cond-expr","locations":[{"start":{"line":40,"column":8},"end":{"line":40,"column":29}},{"start":{"line":41,"column":8},"end":{"line":41,"column":12}}]},"3":{"loc":{"start":{"line":39,"column":11},"end":{"line":39,"column":45}},"type":"binary-expr","locations":[{"start":{"line":39,"column":11},"end":{"line":39,"column":17}},{"start":{"line":39,"column":21},"end":{"line":39,"column":45}}]},"4":{"loc":{"start":{"line":8,"column":30},"end":{"line":8,"column":46}},"type":"cond-expr","locations":[{"start":{"line":8,"column":43},"end":{"line":8,"column":46}},{"start":{"line":8,"column":43},"end":{"line":8,"column":46}}]},"5":{"loc":{"start":{"line":8,"column":30},"end":{"line":8,"column":43}},"type":"binary-expr","locations":[{"start":{"line":8,"column":30},"end":{"line":8,"column":46}},{"start":{"line":8,"column":30},"end":{"line":8,"column":43}}]}},"s":{"0":0,"1":0,"2":0,"3":0,"4":0,"5":0,"6":0,"7":0,"8":0,"9":0,"10":0,"11":0,"12":0,"13":0,"14":0,"15":0,"16":0,"17":0,"18":0,"19":0,"20":0,"21":0,"22":0},"f":{"0":0,"1":0,"2":0,"3":0,"4":0,"5":0,"6":0,"7":0,"8":0},"b":{"0":[0,0],"1":[0,0],"2":[0,0],"3":[0,0],"4":[0,0],"5":[0,0]}}
,"/home/jesser/PFE/Booking System/backend/src/infrastructure/repositories/prisma-provider.repository.ts": {"path":"/home/jesser/PFE/Booking System/backend/src/infrastructure/repositories/prisma-provider.repository.ts","statementMap":{"0":{"start":{"line":1,"column":0},"end":{"line":1,"column":44}},"1":{"start":{"line":2,"column":0},"end":{"line":2,"column":73}},"2":{"start":{"line":3,"column":0},"end":{"line":3,"column":63}},"3":{"start":{"line":7,"column":7},"end":{"line":90,"column":null}},"4":{"start":{"line":8,"column":22},"end":{"line":8,"column":30}},"5":{"start":{"line":11,"column":20},"end":{"line":19,"column":6}},"6":{"start":{"line":20,"column":4},"end":{"line":20,"column":34}},"7":{"start":{"line":24,"column":19},"end":{"line":26,"column":6}},"8":{"start":{"line":27,"column":4},"end":{"line":29,"column":13}},"9":{"start":{"line":33,"column":19},"end":{"line":35,"column":6}},"10":{"start":{"line":36,"column":4},"end":{"line":38,"column":13}},"11":{"start":{"line":42,"column":20},"end":{"line":45,"column":6}},"12":{"start":{"line":46,"column":4},"end":{"line":46,"column":48}},"13":{"start":{"line":46,"column":30},"end":{"line":46,"column":46}},"14":{"start":{"line":50,"column":20},"end":{"line":57,"column":6}},"15":{"start":{"line":58,"column":4},"end":{"line":58,"column":48}},"16":{"start":{"line":58,"column":30},"end":{"line":58,"column":46}},"17":{"start":{"line":62,"column":20},"end":{"line":69,"column":6}},"18":{"start":{"line":70,"column":4},"end":{"line":70,"column":34}},"19":{"start":{"line":74,"column":4},"end":{"line":76,"column":7}},"20":{"start":{"line":80,"column":21},"end":{"line":84,"column":null}},"21":{"start":{"line":86,"column":4},"end":{"line":86,"column":52}},"22":{"start":{"line":87,"column":4},"end":{"line":87,"column":52}},"23":{"start":{"line":88,"column":4},"end":{"line":88,"column":20}},"24":{"start":{"line":7,"column":13},"end":{"line":7,"column":37}},"25":{"start":{"line":7,"column":13},"end":{"line":90,"column":null}}},"fnMap":{"0":{"name":"(anonymous_2)","decl":{"start":{"line":8,"column":2},"end":{"line":8,"column":22}},"loc":{"start":{"line":8,"column":43},"end":{"line":8,"column":47}}},"1":{"name":"(anonymous_3)","decl":{"start":{"line":10,"column":2},"end":{"line":10,"column":7}},"loc":{"start":{"line":10,"column":33},"end":{"line":21,"column":3}}},"2":{"name":"(anonymous_4)","decl":{"start":{"line":23,"column":2},"end":{"line":23,"column":7}},"loc":{"start":{"line":23,"column":27},"end":{"line":30,"column":3}}},"3":{"name":"(anonymous_5)","decl":{"start":{"line":32,"column":2},"end":{"line":32,"column":7}},"loc":{"start":{"line":32,"column":33},"end":{"line":39,"column":3}}},"4":{"name":"(anonymous_6)","decl":{"start":{"line":41,"column":2},"end":{"line":41,"column":7}},"loc":{"start":{"line":41,"column":15},"end":{"line":47,"column":3}}},"5":{"name":"(anonymous_7)","decl":{"start":{"line":46,"column":23},"end":{"line":46,"column":24}},"loc":{"start":{"line":46,"column":30},"end":{"line":46,"column":46}}},"6":{"name":"(anonymous_8)","decl":{"start":{"line":49,"column":2},"end":{"line":49,"column":7}},"loc":{"start":{"line":49,"column":37},"end":{"line":59,"column":3}}},"7":{"name":"(anonymous_9)","decl":{"start":{"line":58,"column":23},"end":{"line":58,"column":24}},"loc":{"start":{"line":58,"column":30},"end":{"line":58,"column":46}}},"8":{"name":"(anonymous_10)","decl":{"start":{"line":61,"column":2},"end"
[...]
anonymous_7)","decl":{"start":{"line":27,"column":8},"end":{"line":27,"column":19}},"loc":{"start":{"line":27,"column":43},"end":{"line":30,"column":3}}},"4":{"name":"(anonymous_8)","decl":{"start":{"line":33,"column":8},"end":{"line":33,"column":25}},"loc":{"start":{"line":33,"column":95},"end":{"line":42,"column":3}}},"5":{"name":"(anonymous_9)","decl":{"start":{"line":45,"column":8},"end":{"line":45,"column":18}},"loc":{"start":{"line":45,"column":71},"end":{"line":48,"column":3}}},"6":{"name":"(anonymous_10)","decl":{"start":{"line":51,"column":8},"end":{"line":51,"column":18}},"loc":{"start":{"line":51,"column":42},"end":{"line":54,"column":3}}}},"branchMap":{"0":{"loc":{"start":{"line":34,"column":18},"end":{"line":36,"column":73}},"type":"cond-expr","locations":[{"start":{"line":35,"column":8},"end":{"line":35,"column":96}},{"start":{"line":36,"column":8},"end":{"line":36,"column":73}}]},"1":{"loc":{"start":{"line":38,"column":4},"end":{"line":40,"column":5}},"type":"if","locations":[{"start":{"line":38,"column":4},"end":{"line":40,"column":5}},{"start":{},"end":{}}]},"2":{"loc":{"start":{"line":38,"column":8},"end":{"line":38,"column":36}},"type":"binary-expr","locations":[{"start":{"line":38,"column":8},"end":{"line":38,"column":14}},{"start":{"line":38,"column":18},"end":{"line":38,"column":36}}]},"3":{"loc":{"start":{"line":15,"column":30},"end":{"line":15,"column":null}},"type":"cond-expr","locations":[{"start":{"line":15,"column":43},"end":{"line":15,"column":null}},{"start":{"line":15,"column":43},"end":{"line":15,"column":null}}]},"4":{"loc":{"start":{"line":15,"column":30},"end":{"line":15,"column":43}},"type":"binary-expr","locations":[{"start":{"line":15,"column":30},"end":{"line":15,"column":null}},{"start":{"line":15,"column":30},"end":{"line":15,"column":43}}]},"5":{"loc":{"start":{"line":45,"column":58},"end":{"line":45,"column":null}},"type":"cond-expr","locations":[{"start":{"line":45,"column":71},"end":{"line":45,"column":null}},{"start":{"line":45,"column":71},"end":{"line":45,"column":null}}]},"6":{"loc":{"start":{"line":45,"column":58},"end":{"line":45,"column":71}},"type":"binary-expr","locations":[{"start":{"line":45,"column":58},"end":{"line":45,"column":null}},{"start":{"line":45,"column":58},"end":{"line":45,"column":71}}]},"7":{"loc":{"start":{"line":10,"column":31},"end":{"line":10,"column":null}},"type":"cond-expr","locations":[{"start":{"line":10,"column":48},"end":{"line":10,"column":null}},{"start":{"line":10,"column":48},"end":{"line":10,"column":null}}]},"8":{"loc":{"start":{"line":10,"column":31},"end":{"line":10,"column":48}},"type":"binary-expr","locations":[{"start":{"line":10,"column":31},"end":{"line":10,"column":null}},{"start":{"line":10,"column":31},"end":{"line":10,"column":48}}]},"9":{"loc":{"start":{"line":10,"column":48},"end":{"line":11,"column":null}},"type":"cond-expr","locations":[{"start":{"line":11,"column":44},"end":{"line":11,"column":null}},{"start":{"line":11,"column":44},"end":{"line":11,"column":null}}]},"10":{"loc":{"start":{"line":10,"column":48},"end":{"line":11,"column":44}},"type":"binary-expr","locations":[{"start":{"line":10,"column":48},"end":{"line":11,"column":null}},{"start":{"line":11,"column":29},"end":{"line":11,"column":44}}]}},"s":{"0":0,"1":0,"2":0,"3":0,"4":0,"5":0,"6":0,"7":0,"8":0,"9":0,"10":0,"11":0,"12":0,"13":0,"14":0,"15":0,"16":0,"17":0,"18":0,"19":0,"20":0,"21":0,"22":0,"23":0,"24":0,"25":0,"26":0,"27":0,"28":0,"29":0},"f":{"0":0,"1":0,"2":0,"3":0,"4":0,"5":0,"6":0},"b":{"0":[0,0],"1":[0,0],"2":[0,0],"3":[0,0],"4":[0,0],"5":[0,0],"6":[0,0],"7":[0,0],"8":[0,0],"9":[0,0],"10":[0,0]}}
,"/home/jesser/PFE/Booking System/backend/src/presentation/controller/keycloak/keycloak-admin.service.ts": {"path":"/home/jesser/PFE/Booking System/backend/src/presentation/controller/keycloak/keycloak-admin.service.ts","statementMap":{"0":{"start":{"line":1,"column":0},"end":{"line":1,"column":59}},"1":{"start":{"line":2,"column":0},"end":{"line":2,"column":26}},"2":{"start":{"line":5,"column":7},"end":{"line":201,"column":null}},"3":{"start":{"line":6,"column":29},"end":{"line":6,"column":53}},"4":{"start":{"line":7,"column":27},"end":{"line":7,"column":53}},"5":{"start":{"line":10,"column":4},"end":{"line":30,"column":5}},"6":{"start":{"line":11,"column":6},"end":{"line":11,"column":54}},"7":{"start":{"line":12,"column":23},"end":{"line":21,"column":null}},"8":{"start":{"line":24,"column":6},"end":{"line":24,"column":40}},"9":{"start":{"line":26,"column":6},"end":{"line":29,"column":8}},"10":{"start":{"line":38,"column":18},"end":{"line":38,"column":44}},"11":{"start":{"line":40,"column":4},"end":{"line":86,"column":5}},"12":{"start":{"line":41,"column":6},"end":{"line":41,"column":50}},"13":{"start":{"line":42,"column":6},"end":{"line":50,"column":8}},"14":{"start":{"line":51,"column":6},"end":{"line":51,"column":55}},"15":{"start":{"line":52,"column":20},"end":{"line":54,"column":null}},"16":{"start":{"line":57,"column":21},"end":{"line":57,"column":37}},"17":{"start":{"line":58,"column":6},"end":{"line":58,"column":62}},"18":{"start":{"line":59,"column":6},"end":{"line":67,"column":8}},"19":{"start":{"line":72,"column":6},"end":{"line":72,"column":51}},"20":{"start":{"line":74,"column":6},"end":{"line":80,"column":7}},"21":{"start":{"line":75,"column":8},"end":{"line":75,"column":56}},"22":{"start":{"line":76,"column":8},"end":{"line":76,"column":52}},"23":{"start":{"line":77,"column":8},"end":{"line":77,"column":58}},"24":{"start":{"line":79,"column":8},"end":{"line":79,"column":55}},"25":{"start":{"line":82,"column":6},"end":{"line":85,"column":8}},"26":{"start":{"line":91,"column":18},"end":{"line":91,"column":44}},"27":{"start":{"line":93,"column":4},"end":{"line":109,"column":5}},"28":{"start":{"line":94,"column":6},"end":{"line":101,"column":8}},"29":{"start":{"line":103,"column":6},"end":{"line":103,"column":68}},"30":{"start":{"line":105,"column":6},"end":{"line":108,"column":8}},"31":{"start":{"line":113,"column":18},"end":{"line":113,"column":44}},"32":{"start":{"line":115,"column":4},"end":{"line":152,"column":5}},"33":{"start":{"line":117,"column":28},"end":{"line":119,"column":null}},"34":{"start":{"line":122,"column":6},"end":{"line":124,"column":7}},"35":{"start":{"line":123,"column":8},"end":{"line":123,"column":55}},"36":{"start":{"line":126,"column":21},"end":{"line":126,"column":45}},"37":{"start":{"line":129,"column":28},"end":{"line":131,"column":null}},"38":{"start":{"line":134,"column":19},"end":{"line":134,"column":75}},"39":{"start":{"line":134,"column":55},"end":{"line":134,"column":74}},"40":{"start":{"line":135,"column":6},"end":{"line":137,"column":7}},"41":{"start":{"line":136,"column":8},"end":{"line":136,"column":55}},"42":{"start":{"line":140,"column":6},"end":{"line":144,"column":8}},"43":{"start":{"line":146,"column":6},"end":{"line":146,"column":91}},"44":{"start":{"line":148,"column":6},"end":{"line":151,"column":8}},"45":{"start":{"line":156,"column":18},"end":{"line":156,"column":44}},"46":{"start":{"line":158,"column":4},"end":{"line":176,"column":5}},"47":{"start":{"line":159,"column":23},"end":{"line":161,"column":null}},"48":{"start":{"line":164,"column":6},"end":{"line":170,"column":10}},"49":{"start":{"line":164,"column":47},"end":{"line":170,"column":8}},"50":{"start":{"line":172,"column":6},"end":{"line":175,"column":8}},"51":{"start":{"line":180,"column":18},"end":{"line":180,"column":44}},"52":{"start":{"line":182,"column":4},"end":{"line":198,"column":5}},"53":{"start":{"line":183,"column":23},"end":{"line":185,"column":null}},"54":{"start":{"line":188,"column":6},"end":{"line":192,"column":10}},"55":{"start":{"line":188,"column":47},"end":{"line":192,"column":8}},"56":{"start":{"line":194,"column":6},"end":{"line":197,"column":8}},"57":{"start":{"line":5,"column":13},"end":{"line":5,"column":33}},"58":{"start":{"line":5,"column":13},"end":{"line":201,"column":null}}},"fnMap":{"0":{"name":"(anonymous_2)","decl":{"start":{"line":9,"column":2},"end":{"line":9,"column":7}},"loc":{"start":{"line":9,"column":21},"end":{"line":31,"column":3}}},"1":{"name":"(anonymous_3)","decl":{"start":{"line":32,"column":2},"end":{"line":32,"column":7}},"loc":{"start":{"line":36,"column":3},"end":{"line":88,"column":3}}},"2":{"name":"(anonymous_4)","decl":{"start":{"line":90,"column":2},"end":{"line":90,"column":7}},"loc":{"start":{"line":90,"column":35},"end":{"line":110,"column":3}}},"3":{"name":"(anonymous_5)","decl":{"start":{"line":112,"column":2},"end":{"line":112,"column":7}},"loc":{"start":{"line":112,"column":59},"end":{"line":153,"column":3}}},"4":{"name":"(anonymous_6)","decl":{"start":{"line":134,"column":43},"end":{"line":134,"column":44}},"loc":{"start":{"line":134,"column":55},"end":{"line":134,"column":74}}},"5":{"name":"(anonymous_7)","decl":{"start":{"line":155,"column":2},"end":{"line":155,"column":7}},"loc":{"start":{"line":155,"column":16},"end":{"line":177,"column":3}}},"6":{"name":"(anonymous_8)","decl":{"start":{"line":164,"column":31},"end":{"line":164,"column":32}},"loc":{"start":{"line":164,"column":47},"end":{"line":170,"column":8}}},"7":{"name":"(anonymous_9)","decl":{"start":{"line":179,"column":2},"end":{"line":179,"column":7}},"loc":{"start":{"line":179,"column":16},"end":{"line":199,"column":3}}},"8":{"name":"(anonymous_10)","decl":{"start":{"line":188,"column":31},"end":{"line":188,"column":32}},"loc":{"start":{"line":188,"column":47},"end":{"line":192,"column":8}}}},"branchMap":{"0":{"loc":{"start":{"line":74,"column":6},"end":{"line":80,"column":7}},"type":"if","locations":[{"start":{"line":74,"column":6},"end":{"line":80,"column":7}},{"start":{"line":78,"column":13},"end":{"line":80,"column":7}}]},"1":{"loc":{"start":{"line":83,"column":8},"end":{"line":83,"column":55}},"type":"binary-expr","locations":[{"start":{"line":83,"column":8},"end":{"line":83,"column":28}},{"start":{"line":83,"column":32},"end":{"line":83,"column":55}}]},"2":{"loc":{"start":{"line":84,"column":8},"end":{"line":84,"column":37}},"type":"binary-expr","locations":[{"start":{"line":84,"column":8},"end":{"line":84,"column":30}},{"start":{"line":84,"column":34},"end":{"line":84,"column":37}}]},"3":{"loc":{"start":{"line":106,"column":8},"end":{"line":106,"column":55}},"type":"binary-expr","locations":[{"start":{"line":106,"column":8},"end":{"line":106,"column":28}},{"start":{"line":106,"column":32},"end":{"line":106,"column":55}}]},"4":{"loc":{"start":{"line":107,"column":8},"end":{"line":107,"column":37}},"type":"binary-expr","locations":[{"start":{"line":107,"column":8},"end":{"line":107,"column":30}},{"start":{"line":107,"column":34},"end":{"line":107,"column":37}}]},"5":{"loc":{"start":{"line":122,"column":6},"end":{"line":124,"column":7}},"type":"if","locations":[{"start":{"line":122,"column":6},"end":{"line":124,"column":7}},{"start":{},"end":{}}]},"6":{"loc":{"start":{"line":135,"column":6},"end":{"line":137,"column":7}},"type":"if","locations":[{"start":{"line":135,"column":6},"end":{"line":137,"column":7}},{"start":{},"end":{}}]},"7":{"loc":{"start":{"line":149,"column":8},"end":{"line":149,"column":63}},"type":"binary-expr","locations":[{"start":{"line":149,"column":8},"end":{"line":149,"column":28}},{"start":{"line":149,"column":32},"end":{"line":149,"column":63}}]},"8":{"loc":{"start":{"line":150,"column":8},"end":{"line":150,"column":37}},"type":"binary-expr","locations":[{"start":{"line":150,"column":8},"end":{"line":150,"column":30}},{"start":{"line":150,"column":34},"end":{"line":150,"column":37}}]},"9":{"loc":{"start":{"line":173,"column":8},"end":{"line":173,"column":53}},"type":"binary-expr","locations":[{"start":{"line":173,"column":8},"end":{"line":173,"column":28}},{"start":{"line":173,"column":32},"end":{"line":173,"column":53}}]},"10":{"loc":{"start":{"line":174,"column":8},"end":{"line":174,"column":37}},"type":"binary-expr","locations":[{"start":{"line":174,"column":8},"end":{"line":174,"column":30}},{"start":{"line":174,"column":34},"end":{"line":174,"column":37}}]},"11":{"loc":{"start":{"line":195,"column":8},"end":{"line":195,"column":53}},"type":"binary-expr","locations":[{"start":{"line":195,"column":8},"end":{"line":195,"column":28}},{"start":{"line":195,"column":32},"end":{"line":195,"column":53}}]},"12":{"loc":{"start":{"line":196,"column":8},"end":{"line":196,"column":37}},"type":"binary-expr","locations":[{"start":{"line":196,"column":8},"end":{"line":196,"column":30}},{"start":{"line":196,"column":34},"end":{"line":196,"column":37}}]}},"s":{"0":0,"1":0,"2":0,"3":0,"4":0,"5":0,"6":0,"7":0,"8":0,"9":0,"10":0,"11":0,"12":0,"13":0,"14":0,"15":0,"16":0,"17":0,"18":0,"19":0,"20":0,"21":0,"22":0,"23":0,"24":0,"25":0,"26":0,"27":0,"28":0,"29":0,"30":0,"31":0,"32":0,"33":0,"34":0,"35":0,"36":0,"37":0,"38":0,"39":0,"40":0,"41":0,"42":0,"43":0,"44":0,"45":0,"46":0,"47":0,"48":0,"49":0,"50":0,"51":0,"52":0,"53":0,"54":0,"55":0,"56":0,"57":0,"58":0},"f":{"0":0,"1":0,"2":0,"3":0,"4":0,"5":0,"6":0,"7":0,"8":0},"b":{"0":[0,0],"1":[0,0],"2":[0,0],"3":[0,0],"4":[0,0],"5":[0,0],"6":[0,0],"7":[0,0],"8":[0,0],"9":[0,0],"10":[0,0],"11":[0,0],"12":[0,0]}}
,"/home/jesser/PFE/Booking System/backend/src/presentation/controller/keycloak/users.cotroller.ts": {"path":"/home/jesser/PFE/Booking System/backend/src/presentation/controller/keycloak/users.cotroller.ts","statementMap":{"0":{"start":{"line":1,"column":0},"end":{"line":1,"column":79}},"1":{"start":{"line":2,"column":0},"end":{"line":2,"column":64}},"2":{"start":{"line":3,"column":0},"end":{"line":3,"column":73}},"3":{"start":{"line":7,"column":7},"end":{"line":61,"column":null}},"4":{"start":{"line":8,"column":31},"end":{"line":8,"column":41}},"5":{"start":{"line":16,"column":4},"end":{"line":16,"column":41}},"6":{"start":{"line":17,"column":4},"end":{"line":17,"column":52}},"7":{"start":{"line":23,"column":4},"end":{"line":23,"column":42}},"8":{"start":{"line":24,"column":4},"end":{"line":24,"column":58}},"9":{"start":{"line":33,"column":4},"end":{"line":33,"column":57}},"10":{"start":{"line":44,"column":4},"end":{"line":44,"column":78}},"11":{"start":{"line":51,"column":4},"end":{"line":51,"column":42}},"12":{"start":{"line":59,"column":4},"end":{"line":59,"column":42}},"13":{"start":{"line":7,"column":13},"end":{"line":7,"column":28}},"14":{"start":{"line":12,"column":8},"end":{"line":18,"column":null}},"15":{"start":{"line":22,"column":8},"end":{"line":25,"column":null}},"16":{"start":{"line":29,"column":8},"end":{"line":34,"column":null}},"17":{"start":{"line":40,"column":8},"end":{"line":45,"column":null}},"18":{"start":{"line":50,"column":8},"end":{"line":52,"column":null}},"19":{"start":{"line":58,"column":8},"end":{"line":60,"column":null}},"20":{"start":{"line":7,"column":13},"end":{"line":61,"column":null}}},"fnMap":{"0":{"name":"(anonymous_4)","decl":{"start":{"line":8,"column":2},"end":{"line":8,"column":31}},"loc":{"start":{"line":8,"column":61},"end":{"line":8,"column":65}}},"1":{"name":"(anonymous_5)","decl":{"start":{"line":12,"column":8},"end":{"line":12,"column":18}},"loc":{"start":{"line":14,"column":63},"end":{"line":18,"column":3}}},"2":{"name":"(anonymous_6)","decl":{"start":{"line":22,"column":8},"end":{"line":22,"column":16}},"loc":{"start":{"line":22,"column":16},"end":{"line":25,"column":3}}},"3":{"name":"(anonymous_7)","decl":{"start":{"line":29,"column":8},"end":{"line":29,"column":18}},"loc":{"start":{"line":31,"column":30},"end":{"line":34,"column":3}}},"4":{"name":"(anonymous_8)","decl":{"start":{"line":40,"column":8},"end":{"line":40,"column":24}},"loc":{"start":{"line":42,"column":48},"end":{"line":45,"column":3}}},"5":{"name":"(anonymous_9)","decl":{"start":{"line":50,"column":8},"end":{"line":50,"column":16}},"loc":{"start":{"line":50,"column":16},"end":{"line":52,"column":3}}},"6":{"name":"(anonymous_10)","decl":{"start":{"line":58,"column":8},"end":{"line":58,"column":16}},"loc":{"start":{"line":58,"column":16},"end":{"line":60,"column":3}}}},"branchMap":{"0":{"loc":{"start":{"line":8,"column":41},"end":{"line":8,"column":64}},"type":"cond-expr","locations":[{"start":{"line":8,"column":61},"end":{"line":8,"column":64}},{"start":{"line":8,"column":61},"end":{"line":8,"column":64}}]},"1":{"loc":{"start":{"line":8,"column":41},"end":{"line":8,"column":61}},"type":"binary-expr","locations":[{"start":{"line":8,"column":41},"end":{"line":8,"column":64}},{"start":{"line":8,"column":41},"end":{"line":8,"column":61}}]}},"s":{"0":0,"1":0,"2":0,"3":0,"4":0,"5":0,"6":0,"7":0,"8":0,"9":0,"10":0,"11":0,"12":0,"13":0,"14":0,"15":0,"16":0,"17":0,"18":0,"19":0,"20":0},"f":{"0":0,"1":0,"2":0,"3":0,"4":0,"5":0,"6":0},"b":{"0":[0,0],"1":[0,0]}}
,"/home/jesser/PFE/Booking System/backend/src/presentation/controller/keycloak/users.module.ts": {"path":"/home/jesser/PFE/Booking System/backend/src/presentation/controller/keycloak/users.module.ts","statementMap":{"0":{"start":{"line":1,"column":0},"end":{"line":1,"column":40}},"1":{"start":{"line":2,"column":0},"end":{"line":2,"column":52}},"2":{"start":{"line":3,"column":0},"end":{"line":3,"column":64}},"3":{"start":{"line":9,"column":7},"end":{"line":9,"column":null}},"4":{"start":{"line":9,"column":13},"end":{"line":9,"column":24}},"5":{"start":{"line":9,"column":13},"end":{"line":9,"column":null}}},"fnMap":{},"branchMap":{},"s":{"0":0,"1":0,"2":0,"3":0,"4":0,"5":0},"f":{},"b":{}}
,"/home/jesser/PFE/Booking System/backend/src/shared/domain/enums/user-role.enum.ts": {"path":"/home/jesser/PFE/Booking System/backend/src/shared/domain/enums/user-role.enum.ts","statementMap":{"0":{"start":{"line":1,"column":0},"end":{"line":1,"column":null}},"1":{"start":{"line":2,"column":2},"end":{"line":2,"column":null}},"2":{"start":{"line":3,"column":2},"end":{"line":3,"column":null}},"3":{"start":{"line":4,"column":2},"end":{"line":4,"column":null}}},"fnMap":{"0":{"name":"(anonymous_0)","decl":{"start":{"line":1,"column":0},"end":{"line":1,"column":12}},"loc":{"start":{"line":1,"column":16},"end":{"line":5,"column":1}}}},"branchMap":{"0":{"loc":{"start":{"line":1,"column":12},"end":{"line":1,"column":null}},"type":"binary-expr","locations":[{"start":{"line":1,"column":12},"end":{"line":1,"column":16}},{"start":{"line":1,"column":16},"end":{"line":1,"column":null}}]}},"s":{"0":0,"1":0,"2":0,"3":0},"f":{"0":0},"b":{"0":[0,0]}}
,"/home/jesser/PFE/Booking System/backend/src/shared/infrastructure/prisma.module.ts": {"path":"/home/jesser/PFE/Booking System/backend/src/shared/infrastructure/prisma.module.ts","statementMap":{"0":{"start":{"line":1,"column":0},"end":{"line":1,"column":40}},"1":{"start":{"line":2,"column":0},"end":{"line":2,"column":49}},"2":{"start":{"line":8,"column":7},"end":{"line":8,"column":null}},"3":{"start":{"line":8,"column":13},"end":{"line":8,"column":25}},"4":{"start":{"line":8,"column":13},"end":{"line":8,"column":null}}},"fnMap":{},"branchMap":{},"s":{"0":0,"1":0,"2":0,"3":0,"4":0},"f":{},"b":{}}
,"/home/jesser/PFE/Booking System/backend/src/shared/infrastructure/prisma.service.ts": {"path":"/home/jesser/PFE/Booking System/backend/src/shared/infrastructure/prisma.service.ts","statementMap":{"0":{"start":{"line":1,"column":0},"end":{"line":1,"column":75}},"1":{"start":{"line":2,"column":0},"end":{"line":2,"column":46}},"2":{"start":{"line":5,"column":7},"end":{"line":13,"column":null}},"3":{"start":{"line":7,"column":4},"end":{"line":7,"column":26}},"4":{"start":{"line":11,"column":4},"end":{"line":11,"column":29}},"5":{"start":{"line":5,"column":13},"end":{"line":5,"column":26}},"6":{"start":{"line":5,"column":13},"end":{"line":13,"column":null}}},"fnMap":{"0":{"name":"(anonymous_1)","decl":{"start":{"line":6,"column":2},"end":{"line":6,"column":7}},"loc":{"start":{"line":6,"column":20},"end":{"line":8,"column":3}}},"1":{"name":"(anonymous_2)","decl":{"start":{"line":10,"column":2},"end":{"line":10,"column":7}},"loc":{"start":{"line":10,"column":23},"end":{"line":12,"column":3}}}},"branchMap":{},"s":{"0":0,"1":0,"2":0,"3":0,"4":0,"5":0,"6":0},"f":{"0":0,"1":0},"b":{}}
}
